<?xml version="1.0" encoding="UTF-8"?>
<testsuite xmlns:xsi="http://www.w3.org/2001/XMLSchema-instance" xsi:noNamespaceSchemaLocation="https://maven.apache.org/surefire/maven-surefire-plugin/xsd/surefire-test-report.xsd" version="3.0.2" name="com.thukera.MyFinancesBffTests" time="23.83" tests="1" errors="0" skipped="0" failures="0">
  <properties>
[...]
</properties>
  <testcase name="contextLoads" classname="com.thukera.MyFinancesBffTests" time="0.741">
    <system-out><![CDATA[
  __  .__           __                        
_/  |_|  |__  __ __|  | __ ________________   
\   __\  |  \|  |  \  |/ // __ \_  __ \__  \  
 |  | |   Y  \  |  /    <\  ___/|  | \// __ \_
 |__| |___|  /____/|__|_ \\___  >__|  (____  /
           \/           \/    \/           \/ 

[INFO ] 2026-01-09 14:43:26.845 [background-preinit] Version - HV000001: Hibernate Validator 8.0.2.Final
[DEBUG] 2026-01-09 14:43:26.871 [background-preinit] ValidationXmlParser - Trying to load META-INF/validation.xml for XML based Validator configuration.
[DEBUG] 2026-01-09 14:43:26.875 [background-preinit] ResourceLoaderHelper - Trying to load META-INF/validation.xml via TCCL
[DEBUG] 2026-01-09 14:43:26.876 [background-preinit] ResourceLoaderHelper - Trying to load META-INF/validation.xml via Hibernate Validator's class loader
[DEBUG] 2026-01-09 14:43:26.877 [background-preinit] ValidationXmlParser - No META-INF/validation.xml found. Using annotation based configuration only.
[DEBUG] 2026-01-09 14:43:26.898 [background-preinit] TraversableResolvers - Found jakarta.persistence.Persistence on classpath containing 'getPersistenceUtil'. Assuming JPA 2 environment. Trying to instantiate JPA aware TraversableResolver
[DEBUG] 2026-01-09 14:43:26.902 [background-preinit] TraversableResolvers - Instantiated JPA aware TraversableResolver of type org.hibernate.validator.internal.engine.resolver.JPATraversableResolver.
[INFO ] 2026-01-09 14:43:26.917 [main] MyFinancesBffTests - Starting MyFinancesBffTests using Java 21.0.4 with PID 28428 (started by nitro in C:\Users\nitro\Workspace\STS\my-finances-bff)
[DEBUG] 2026-01-09 14:43:26.926 [main] MyFinancesBffTests - Running with Spring Boot v3.5.3, Spring v6.2.8
[INFO ] 2026-01-09 14:43:26.929 [main] MyFinancesBffTests - The following 1 profile is active: "prod"
[DEBUG] 2026-01-09 14:43:26.966 [background-preinit] ResourceBundleMessageInterpolator - Loaded expression factory via original TCCL
[DEBUG] 2026-01-09 14:43:27.277 [background-preinit] ValidatorFactoryConfigurationHelper - HV000252: Using org.hibernate.validator.internal.engine.DefaultPropertyNodeNameProvider as property node name provider.
[DEBUG] 2026-01-09 14:43:27.294 [background-preinit] ValidatorFactoryConfigurationHelper - HV000234: Using org.hibernate.validator.messageinterpolation.ResourceBundleMessageInterpolator as ValidatorFactory-scoped message interpolator.
[DEBUG] 2026-01-09 14:43:27.294 [background-preinit] ValidatorFactoryConfigurationHelper - HV000234: Using org.hibernate.validator.internal.engine.resolver.JPATraversableResolver as ValidatorFactory-scoped traversable resolver.
[DEBUG] 2026-01-09 14:43:27.295 [background-preinit] ValidatorFactoryConfigurationHelper - HV000234: Using org.hibernate.validator.internal.util.ExecutableParameterNameProvider as ValidatorFactory-scoped parameter name provider.
[DEBUG] 2026-01-09 14:43:27.296 [background-preinit] ValidatorFactoryConfigurationHelper - HV000234: Using org.hibernate.validator.internal.engine.DefaultClockProvider as ValidatorFactory-scoped clock provider.
[DEBUG] 2026-01-09 14:43:27.296 [background-preinit] ValidatorFactoryConfigurationHelper - HV000234: Using org.hibernate.validator.internal.engine.scripting.DefaultScriptEvaluatorFactory as ValidatorFactory-scoped script evaluator factory.
[INFO ] 2026-01-09 14:43:29.247 [main] RepositoryConfigurationDelegate - Bootstrapping Spring Data JPA repositories in DEFAULT mode.
[INFO ] 2026-01-09 14:43:29.592 [main] RepositoryConfigurationDelegate - Finished Spring Data repository scanning in 318 ms. Found 7 JPA repository interfaces.
[DEBUG] 2026-01-09 14:43:31.081 [main] LocalContainerEntityManagerFactoryBean - Building JPA container EntityManagerFactory for persistence unit 'default'
[DEBUG] 2026-01-09 14:43:31.198 [main] LogHelper - PersistenceUnitInfo [
	name: default
	persistence provider classname: null
	classloader: jdk.internal.loader.ClassLoaders$AppClassLoader@1376c05c
	excludeUnlistedClasses: true
	JTA datasource: null
	Non JTA datasource: HikariDataSource (null)
	Transaction type: RESOURCE_LOCAL
	PU root URL: file:/C:/Users/nitro/Workspace/STS/my-finances-bff/target/test-classes/
	Shared Cache Mode: UNSPECIFIED
	Validation Mode: AUTO
	Jar files URLs []
	Managed classes names [
		com.thukera.creditcard.model.entities.CreditCard
		com.thukera.creditcard.model.entities.CreditPurchase
		com.thukera.creditcard.model.entities.Installment
		com.thukera.creditcard.model.entities.Invoice
		com.thukera.creditcard.model.entities.PurchaseCategory
		com.thukera.user.model.entities.Role
		com.thukera.user.model.entities.User]
	Mapping files names []
	Properties []
[DEBUG] 2026-01-09 14:43:31.215 [main] IntegratorServiceImpl - Adding Integrator [org.hibernate.boot.beanvalidation.BeanValidationIntegrator].
[DEBUG] 2026-01-09 14:43:31.219 [main] IntegratorServiceImpl - Adding Integrator [org.hibernate.cache.internal.CollectionCacheInvalidator].
[INFO ] 2026-01-09 14:43:31.378 [main] Version - HHH000412: Hibernate ORM core version 6.6.18.Final
[DEBUG] 2026-01-09 14:43:31.383 [main] Environment - HHH000206: 'hibernate.properties' not found
[DEBUG] 2026-01-09 14:43:31.423 [main] factory - Registering IdentifierGenerator strategy [uuid2] -> [org.hibernate.id.UUIDGenerator]
[DEBUG] 2026-01-09 14:43:31.424 [main] factory - Registering IdentifierGenerator strategy [guid] -> [org.hibernate.id.GUIDGenerator]
[DEBUG] 2026-01-09 14:43:31.426 [main] factory - Registering IdentifierGenerator strategy [uuid] -> [org.hibernate.id.UUIDHexGenerator]
[DEBUG] 2026-01-09 14:43:31.426 [main] factory - Registering IdentifierGenerator strategy [uuid.hex] -> [org.hibernate.id.UUIDHexGenerator]
[DEBUG] 2026-01-09 14:43:31.427 [main] factory - Registering IdentifierGenerator strategy [assigned] -> [org.hibernate.id.Assigned]
[DEBUG] 2026-01-09 14:43:31.430 [main] factory - Registering IdentifierGenerator strategy [identity] -> [org.hibernate.id.IdentityGenerator]
[DEBUG] 2026-01-09 14:43:31.431 [main] factory - Registering IdentifierGenerator strategy [select] -> [org.hibernate.id.SelectGenerator]
[DEBUG] 2026-01-09 14:43:31.434 [main] factory - Registering IdentifierGenerator strategy [sequence] -> [org.hibernate.id.enhanced.SequenceStyleGenerator]
[DEBUG] 2026-01-09 14:43:31.435 [main] factory - Registering IdentifierGenerator strategy [increment] -> [org.hibernate.id.IncrementGenerator]
[DEBUG] 2026-01-09 14:43:31.436 [main] factory - Registering IdentifierGenerator strategy [foreign] -> [org.hibernate.id.ForeignGenerator]
[DEBUG] 2026-01-09 14:43:31.436 [main] factory - Registering IdentifierGenerator strategy [enhanced-sequence] -> [org.hibernate.id.enhanced.SequenceStyleGenerator]
[DEBUG] 2026-01-09 14:43:31.439 [main] factory - Registering IdentifierGenerator strategy [enhanced-table] -> [org.hibernate.id.enhanced.TableGenerator]
[DEBUG] 2026-01-09 14:43:31.459 [main] RegionFactoryInitiator - Cannot default RegionFactory based on registered strategies as `[]` RegionFactory strategies were registered
[INFO ] 2026-01-09 14:43:31.462 [main] RegionFactoryInitiator - HHH000026: Second-level cache disabled
[DEBUG] 2026-01-09 14:43:31.752 [main] BasicTypeRegistry - Adding type registration boolean -> org.hibernate.type.BasicTypeReference@2838eb
[DEBUG] 2026-01-09 14:43:31.752 [main] BasicTypeRegistry - Adding type registration boolean -> org.hibernate.type.BasicTypeReference@2838eb
[DEBUG] 2026-01-09 14:43:31.752 [main] BasicTypeRegistry - Adding type registration java.lang.Boolean -> org.hibernate.type.BasicTypeReference@2838eb
[DEBUG] 2026-01-09 14:43:31.752 [main] BasicTypeRegistry - Adding type registration numeric_boolean -> org.hibernate.type.BasicTypeReference@fb5d334
[DEBUG] 2026-01-09 14:43:31.753 [main] BasicTypeRegistry - Adding type registration org.hibernate.type.NumericBooleanConverter -> org.hibernate.type.BasicTypeReference@fb5d334
[DEBUG] 2026-01-09 14:43:31.753 [main] BasicTypeRegistry - Adding type registration true_false -> org.hibernate.type.BasicTypeReference@45dc7be
[DEBUG] 2026-01-09 14:43:31.753 [main] BasicTypeRegistry - Adding type registration org.hibernate.type.TrueFalseConverter -> org.hibernate.type.BasicTypeReference@45dc7be
[DEBUG] 2026-01-09 14:43:31.753 [main] BasicTypeRegistry - Adding type registration yes_no -> org.hibernate.type.BasicTypeReference@2d459bda
[DEBUG] 2026-01-09 14:43:31.753 [main] BasicTypeRegistry - Adding type registration org.hibernate.type.YesNoConverter -> org.hibernate.type.BasicTypeReference@2d459bda
[DEBUG] 2026-01-09 14:43:31.753 [main] BasicTypeRegistry - Adding type registration byte -> org.hibernate.type.BasicTypeReference@6ceb11f9
[DEBUG] 2026-01-09 14:43:31.753 [main] BasicTypeRegistry - Adding type registration byte -> org.hibernate.type.BasicTypeReference@6ceb11f9
[DEBUG] 2026-01-09 14:43:31.753 [main] BasicTypeRegistry - Adding type registration java.lang.Byte -> org.hibernate.type.BasicTypeReference@6ceb11f9
[DEBUG] 2026-01-09 14:43:31.755 [main] BasicTypeRegistry - Adding type registration binary -> org.hibernate.type.BasicTypeReference@4d664323
[DEBUG] 2026-01-09 14:43:31.755 [main] BasicTypeRegistry - Adding type registration byte[] -> org.hibernate.type.BasicTypeReference@4d664323
[DEBUG] 2026-01-09 14:43:31.755 [main] BasicTypeRegistry - Adding type registration [B -> org.hibernate.type.BasicTypeReference@4d664323
[DEBUG] 2026-01-09 14:43:31.755 [main] BasicTypeRegistry - Adding type registration binary_wrapper -> org.hibernate.type.BasicTypeReference@27ec0d06
[DEBUG] 2026-01-09 14:43:31.755 [main] BasicTypeRegistry - Adding type registration wrapper-binary -> org.hibernate.type.BasicTypeReference@27ec0d06
[DEBUG] 2026-01-09 14:43:31.756 [main] BasicTypeRegistry - Adding type registration image -> org.hibernate.type.BasicTypeReference@2676d96a
[DEBUG] 2026-01-09 14:43:31.756 [main] BasicTypeRegistry - Adding type registration blob -> org.hibernate.type.BasicTypeReference@12266084
[DEBUG] 2026-01-09 14:43:31.756 [main] BasicTypeRegistry - Adding type registration java.sql.Blob -> org.hibernate.type.BasicTypeReference@12266084
[DEBUG] 2026-01-09 14:43:31.756 [main] BasicTypeRegistry - Adding type registration materialized_blob -> org.hibernate.type.BasicTypeReference@6da646b8
[DEBUG] 2026-01-09 14:43:31.757 [main] BasicTypeRegistry - Adding type registration materialized_blob_wrapper -> org.hibernate.type.BasicTypeReference@2a65e237
[DEBUG] 2026-01-09 14:43:31.757 [main] BasicTypeRegistry - Adding type registration short -> org.hibernate.type.BasicTypeReference@3a48c398
[DEBUG] 2026-01-09 14:43:31.757 [main] BasicTypeRegistry - Adding type registration short -> org.hibernate.type.BasicTypeReference@3a48c398
[DEBUG] 2026-01-09 14:43:31.757 [main] BasicTypeRegistry - Adding type registration java.lang.Short -> org.hibernate.type.BasicTypeReference@3a48c398
[DEBUG] 2026-01-09 14:43:31.758 [main] BasicTypeRegistry - Adding type registration integer -> org.hibernate.type.BasicTypeReference@1b4ba615
[DEBUG] 2026-01-09 14:43:31.759 [main] BasicTypeRegistry - Adding type registration int -> org.hibernate.type.BasicTypeReference@1b4ba615
[DEBUG] 2026-01-09 14:43:31.759 [main] BasicTypeRegistry - Adding type registration java.lang.Integer -> org.hibernate.type.BasicTypeReference@1b4ba615
[DEBUG] 2026-01-09 14:43:31.759 [main] BasicTypeRegistry - Adding type registration long -> org.hibernate.type.BasicTypeReference@4407b042
[DEBUG] 2026-01-09 14:43:31.759 [main] BasicTypeRegistry - Adding type registration long -> org.hibernate.type.BasicTypeReference@4407b042
[DEBUG] 2026-01-09 14:43:31.759 [main] BasicTypeRegistry - Adding type registration java.lang.Long -> org.hibernate.type.BasicTypeReference@4407b042
[DEBUG] 2026-01-09 14:43:31.759 [main] BasicTypeRegistry - Adding type registration float -> org.hibernate.type.BasicTypeReference@41f686af
[DEBUG] 2026-01-09 14:43:31.759 [main] BasicTypeRegistry - Adding type registration float -> org.hibernate.type.BasicTypeReference@41f686af
[DEBUG] 2026-01-09 14:43:31.760 [main] BasicTypeRegistry - Adding type registration java.lang.Float -> org.hibernate.type.BasicTypeReference@41f686af
[DEBUG] 2026-01-09 14:43:31.760 [main] BasicTypeRegistry - Adding type registration double -> org.hibernate.type.BasicTypeReference@3dded90a
[DEBUG] 2026-01-09 14:43:31.760 [main] BasicTypeRegistry - Adding type registration double -> org.hibernate.type.BasicTypeReference@3dded90a
[DEBUG] 2026-01-09 14:43:31.760 [main] BasicTypeRegistry - Adding type registration java.lang.Double -> org.hibernate.type.BasicTypeReference@3dded90a
[DEBUG] 2026-01-09 14:43:31.761 [main] BasicTypeRegistry - Adding type registration big_integer -> org.hibernate.type.BasicTypeReference@7be3abaa
[DEBUG] 2026-01-09 14:43:31.761 [main] BasicTypeRegistry - Adding type registration java.math.BigInteger -> org.hibernate.type.BasicTypeReference@7be3abaa
[DEBUG] 2026-01-09 14:43:31.761 [main] BasicTypeRegistry - Adding type registration big_decimal -> org.hibernate.type.BasicTypeReference@29f8134
[DEBUG] 2026-01-09 14:43:31.761 [main] BasicTypeRegistry - Adding type registration java.math.BigDecimal -> org.hibernate.type.BasicTypeReference@29f8134
[DEBUG] 2026-01-09 14:43:31.761 [main] BasicTypeRegistry - Adding type registration character -> org.hibernate.type.BasicTypeReference@77a9ac36
[DEBUG] 2026-01-09 14:43:31.762 [main] BasicTypeRegistry - Adding type registration char -> org.hibernate.type.BasicTypeReference@77a9ac36
[DEBUG] 2026-01-09 14:43:31.762 [main] BasicTypeRegistry - Adding type registration java.lang.Character -> org.hibernate.type.BasicTypeReference@77a9ac36
[DEBUG] 2026-01-09 14:43:31.762 [main] BasicTypeRegistry - Adding type registration character_nchar -> org.hibernate.type.BasicTypeReference@3c743d40
[DEBUG] 2026-01-09 14:43:31.762 [main] BasicTypeRegistry - Adding type registration string -> org.hibernate.type.BasicTypeReference@5aac6f9f
[DEBUG] 2026-01-09 14:43:31.762 [main] BasicTypeRegistry - Adding type registration java.lang.String -> org.hibernate.type.BasicTypeReference@5aac6f9f
[DEBUG] 2026-01-09 14:43:31.764 [main] BasicTypeRegistry - Adding type registration nstring -> org.hibernate.type.BasicTypeReference@2444c3df
[DEBUG] 2026-01-09 14:43:31.764 [main] BasicTypeRegistry - Adding type registration characters -> org.hibernate.type.BasicTypeReference@1eb6037d
[DEBUG] 2026-01-09 14:43:31.764 [main] BasicTypeRegistry - Adding type registration char[] -> org.hibernate.type.BasicTypeReference@1eb6037d
[DEBUG] 2026-01-09 14:43:31.764 [main] BasicTypeRegistry - Adding type registration [C -> org.hibernate.type.BasicTypeReference@1eb6037d
[DEBUG] 2026-01-09 14:43:31.764 [main] BasicTypeRegistry - Adding type registration wrapper-characters -> org.hibernate.type.BasicTypeReference@335b3d6
[DEBUG] 2026-01-09 14:43:31.764 [main] BasicTypeRegistry - Adding type registration text -> org.hibernate.type.BasicTypeReference@3a5ce4b8
[DEBUG] 2026-01-09 14:43:31.764 [main] BasicTypeRegistry - Adding type registration ntext -> org.hibernate.type.BasicTypeReference@38848217
[DEBUG] 2026-01-09 14:43:31.765 [main] BasicTypeRegistry - Adding type registration clob -> org.hibernate.type.BasicTypeReference@1607d391
[DEBUG] 2026-01-09 14:43:31.765 [main] BasicTypeRegistry - Adding type registration java.sql.Clob -> org.hibernate.type.BasicTypeReference@1607d391
[DEBUG] 2026-01-09 14:43:31.765 [main] BasicTypeRegistry - Adding type registration nclob -> org.hibernate.type.BasicTypeReference@38826984
[DEBUG] 2026-01-09 14:43:31.765 [main] BasicTypeRegistry - Adding type registration java.sql.NClob -> org.hibernate.type.BasicTypeReference@38826984
[DEBUG] 2026-01-09 14:43:31.765 [main] BasicTypeRegistry - Adding type registration materialized_clob -> org.hibernate.type.BasicTypeReference@65262308
[DEBUG] 2026-01-09 14:43:31.766 [main] BasicTypeRegistry - Adding type registration materialized_clob_char_array -> org.hibernate.type.BasicTypeReference@792e8181
[DEBUG] 2026-01-09 14:43:31.766 [main] BasicTypeRegistry - Adding type registration materialized_clob_character_array -> org.hibernate.type.BasicTypeReference@511d5e6e
[DEBUG] 2026-01-09 14:43:31.766 [main] BasicTypeRegistry - Adding type registration materialized_nclob -> org.hibernate.type.BasicTypeReference@7a78d380
[DEBUG] 2026-01-09 14:43:31.766 [main] BasicTypeRegistry - Adding type registration materialized_nclob_character_array -> org.hibernate.type.BasicTypeReference@2e1291a4
[DEBUG] 2026-01-09 14:43:31.766 [main] BasicTypeRegistry - Adding type registration materialized_nclob_char_array -> org.hibernate.type.BasicTypeReference@23bd2f6e
[DEBUG] 2026-01-09 14:43:31.766 [main] BasicTypeRegistry - Adding type registration Duration -> org.hibernate.type.BasicTypeReference@18e8eb59
[DEBUG] 2026-01-09 14:43:31.766 [main] BasicTypeRegistry - Adding type registration java.time.Duration -> org.hibernate.type.BasicTypeReference@18e8eb59
[DEBUG] 2026-01-09 14:43:31.766 [main] BasicTypeRegistry - Adding type registration LocalDateTime -> org.hibernate.type.BasicTypeReference@2430cf17
[DEBUG] 2026-01-09 14:43:31.766 [main] BasicTypeRegistry - Adding type registration java.time.LocalDateTime -> org.hibernate.type.BasicTypeReference@2430cf17
[DEBUG] 2026-01-09 14:43:31.767 [main] BasicTypeRegistry - Adding type registration LocalDate -> org.hibernate.type.BasicTypeReference@1e95f584
[DEBUG] 2026-01-09 14:43:31.767 [main] BasicTypeRegistry - Adding type registration java.time.LocalDate -> org.hibernate.type.BasicTypeReference@1e95f584
[DEBUG] 2026-01-09 14:43:31.767 [main] BasicTypeRegistry - Adding type registration LocalTime -> org.hibernate.type.BasicTypeReference@54997f67
[DEBUG] 2026-01-09 14:43:31.767 [main] BasicTypeRegistry - Adding type registration java.time.LocalTime -> org.hibernate.type.BasicTypeReference@54997f67
[DEBUG] 2026-01-09 14:43:31.767 [main] BasicTypeRegistry - Adding type registration OffsetDateTime -> org.hibernate.type.BasicTypeReference@bf4e48e
[DEBUG] 2026-01-09 14:43:31.767 [main] BasicTypeRegistry - Adding type registration java.time.OffsetDateTime -> org.hibernate.type.BasicTypeReference@bf4e48e
[DEBUG] 2026-01-09 14:43:31.767 [main] BasicTypeRegistry - Adding type registration OffsetDateTimeWithTimezone -> org.hibernate.type.BasicTypeReference@299eca90
[DEBUG] 2026-01-09 14:43:31.767 [main] BasicTypeRegistry - Adding type registration OffsetDateTimeWithoutTimezone -> org.hibernate.type.BasicTypeReference@189633f2
[DEBUG] 2026-01-09 14:43:31.769 [main] BasicTypeRegistry - Adding type registration OffsetTime -> org.hibernate.type.BasicTypeReference@76b05c0
[DEBUG] 2026-01-09 14:43:31.769 [main] BasicTypeRegistry - Adding type registration java.time.OffsetTime -> org.hibernate.type.BasicTypeReference@76b05c0
[DEBUG] 2026-01-09 14:43:31.769 [main] BasicTypeRegistry - Adding type registration OffsetTimeUtc -> org.hibernate.type.BasicTypeReference@2b974137
[DEBUG] 2026-01-09 14:43:31.769 [main] BasicTypeRegistry - Adding type registration OffsetTimeWithTimezone -> org.hibernate.type.BasicTypeReference@7402c49f
[DEBUG] 2026-01-09 14:43:31.769 [main] BasicTypeRegistry - Adding type registration OffsetTimeWithoutTimezone -> org.hibernate.type.BasicTypeReference@5d22604e
[DEBUG] 2026-01-09 14:43:31.769 [main] BasicTypeRegistry - Adding type registration ZonedDateTime -> org.hibernate.type.BasicTypeReference@2382b2f
[DEBUG] 2026-01-09 14:43:31.769 [main] BasicTypeRegistry - Adding type registration java.time.ZonedDateTime -> org.hibernate.type.BasicTypeReference@2382b2f
[DEBUG] 2026-01-09 14:43:31.770 [main] BasicTypeRegistry - Adding type registration ZonedDateTimeWithTimezone -> org.hibernate.type.BasicTypeReference@13374ca6
[DEBUG] 2026-01-09 14:43:31.770 [main] BasicTypeRegistry - Adding type registration ZonedDateTimeWithoutTimezone -> org.hibernate.type.BasicTypeReference@71734463
[DEBUG] 2026-01-09 14:43:31.770 [main] BasicTypeRegistry - Adding type registration date -> org.hibernate.type.BasicTypeReference@3f1d6a13
[DEBUG] 2026-01-09 14:43:31.770 [main] BasicTypeRegistry - Adding type registration java.sql.Date -> org.hibernate.type.BasicTypeReference@3f1d6a13
[DEBUG] 2026-01-09 14:43:31.770 [main] BasicTypeRegistry - Adding type registration time -> org.hibernate.type.BasicTypeReference@7cbf4f8c
[DEBUG] 2026-01-09 14:43:31.770 [main] BasicTypeRegistry - Adding type registration java.sql.Time -> org.hibernate.type.BasicTypeReference@7cbf4f8c
[DEBUG] 2026-01-09 14:43:31.770 [main] BasicTypeRegistry - Adding type registration timestamp -> org.hibernate.type.BasicTypeReference@55c46ec1
[DEBUG] 2026-01-09 14:43:31.771 [main] BasicTypeRegistry - Adding type registration java.sql.Timestamp -> org.hibernate.type.BasicTypeReference@55c46ec1
[DEBUG] 2026-01-09 14:43:31.771 [main] BasicTypeRegistry - Adding type registration java.util.Date -> org.hibernate.type.BasicTypeReference@55c46ec1
[DEBUG] 2026-01-09 14:43:31.771 [main] BasicTypeRegistry - Adding type registration calendar -> org.hibernate.type.BasicTypeReference@3eff6846
[DEBUG] 2026-01-09 14:43:31.771 [main] BasicTypeRegistry - Adding type registration java.util.Calendar -> org.hibernate.type.BasicTypeReference@3eff6846
[DEBUG] 2026-01-09 14:43:31.772 [main] BasicTypeRegistry - Adding type registration java.util.GregorianCalendar -> org.hibernate.type.BasicTypeReference@3eff6846
[DEBUG] 2026-01-09 14:43:31.772 [main] BasicTypeRegistry - Adding type registration calendar_date -> org.hibernate.type.BasicTypeReference@6ae6d078
[DEBUG] 2026-01-09 14:43:31.772 [main] BasicTypeRegistry - Adding type registration calendar_time -> org.hibernate.type.BasicTypeReference@6ca33187
[DEBUG] 2026-01-09 14:43:31.772 [main] BasicTypeRegistry - Adding type registration instant -> org.hibernate.type.BasicTypeReference@1a67f8b4
[DEBUG] 2026-01-09 14:43:31.772 [main] BasicTypeRegistry - Adding type registration java.time.Instant -> org.hibernate.type.BasicTypeReference@1a67f8b4
[DEBUG] 2026-01-09 14:43:31.772 [main] BasicTypeRegistry - Adding type registration uuid -> org.hibernate.type.BasicTypeReference@5f1f0ee6
[DEBUG] 2026-01-09 14:43:31.773 [main] BasicTypeRegistry - Adding type registration java.util.UUID -> org.hibernate.type.BasicTypeReference@5f1f0ee6
[DEBUG] 2026-01-09 14:43:31.773 [main] BasicTypeRegistry - Adding type registration pg-uuid -> org.hibernate.type.BasicTypeReference@5f1f0ee6
[DEBUG] 2026-01-09 14:43:31.773 [main] BasicTypeRegistry - Adding type registration uuid-binary -> org.hibernate.type.BasicTypeReference@326706d
[DEBUG] 2026-01-09 14:43:31.773 [main] BasicTypeRegistry - Adding type registration uuid-char -> org.hibernate.type.BasicTypeReference@76fc5687
[DEBUG] 2026-01-09 14:43:31.773 [main] BasicTypeRegistry - Adding type registration class -> org.hibernate.type.BasicTypeReference@53fbb2b4
[DEBUG] 2026-01-09 14:43:31.773 [main] BasicTypeRegistry - Adding type registration java.lang.Class -> org.hibernate.type.BasicTypeReference@53fbb2b4
[DEBUG] 2026-01-09 14:43:31.774 [main] BasicTypeRegistry - Adding type registration currency -> org.hibernate.type.BasicTypeReference@7434ee13
[DEBUG] 2026-01-09 14:43:31.774 [main] BasicTypeRegistry - Adding type registration Currency -> org.hibernate.type.BasicTypeReference@7434ee13
[DEBUG] 2026-01-09 14:43:31.774 [main] BasicTypeRegistry - Adding type registration java.util.Currency -> org.hibernate.type.BasicTypeReference@7434ee13
[DEBUG] 2026-01-09 14:43:31.774 [main] BasicTypeRegistry - Adding type registration locale -> org.hibernate.type.BasicTypeReference@44a14de0
[DEBUG] 2026-01-09 14:43:31.774 [main] BasicTypeRegistry - Adding type registration java.util.Locale -> org.hibernate.type.BasicTypeReference@44a14de0
[DEBUG] 2026-01-09 14:43:31.775 [main] BasicTypeRegistry - Adding type registration serializable -> org.hibernate.type.BasicTypeReference@50fd739d
[DEBUG] 2026-01-09 14:43:31.775 [main] BasicTypeRegistry - Adding type registration java.io.Serializable -> org.hibernate.type.BasicTypeReference@50fd739d
[DEBUG] 2026-01-09 14:43:31.775 [main] BasicTypeRegistry - Adding type registration timezone -> org.hibernate.type.BasicTypeReference@5e1d1524
[DEBUG] 2026-01-09 14:43:31.776 [main] BasicTypeRegistry - Adding type registration java.util.TimeZone -> org.hibernate.type.BasicTypeReference@5e1d1524
[DEBUG] 2026-01-09 14:43:31.776 [main] BasicTypeRegistry - Adding type registration ZoneOffset -> org.hibernate.type.BasicTypeReference@d0a2c82
[DEBUG] 2026-01-09 14:43:31.777 [main] BasicTypeRegistry - Adding type registration java.time.ZoneOffset -> org.hibernate.type.BasicTypeReference@d0a2c82
[DEBUG] 2026-01-09 14:43:31.777 [main] BasicTypeRegistry - Adding type registration url -> org.hibernate.type.BasicTypeReference@430aae8e
[DEBUG] 2026-01-09 14:43:31.777 [main] BasicTypeRegistry - Adding type registration java.net.URL -> org.hibernate.type.BasicTypeReference@430aae8e
[DEBUG] 2026-01-09 14:43:31.778 [main] BasicTypeRegistry - Adding type registration vector -> org.hibernate.type.BasicTypeReference@78504ce9
[DEBUG] 2026-01-09 14:43:31.778 [main] BasicTypeRegistry - Adding type registration float_vector -> org.hibernate.type.BasicTypeReference@4e52d2f2
[DEBUG] 2026-01-09 14:43:31.778 [main] BasicTypeRegistry - Adding type registration double_vector -> org.hibernate.type.BasicTypeReference@12608986
[DEBUG] 2026-01-09 14:43:31.779 [main] BasicTypeRegistry - Adding type registration byte_vector -> org.hibernate.type.BasicTypeReference@4882b9a
[DEBUG] 2026-01-09 14:43:31.779 [main] BasicTypeRegistry - Adding type registration row_version -> org.hibernate.type.BasicTypeReference@7ec508e6
[DEBUG] 2026-01-09 14:43:31.793 [main] BasicTypeRegistry - Adding type registration object -> org.hibernate.type.JavaObjectType@4cef0747
[DEBUG] 2026-01-09 14:43:31.794 [main] BasicTypeRegistry - Adding type registration java.lang.Object -> org.hibernate.type.JavaObjectType@4cef0747
[DEBUG] 2026-01-09 14:43:31.796 [main] BasicTypeRegistry - Adding type registration null -> org.hibernate.type.NullType@5d68954d
[DEBUG] 2026-01-09 14:43:31.798 [main] BasicTypeRegistry - Adding type registration imm_date -> org.hibernate.type.BasicTypeReference@f793f15
[DEBUG] 2026-01-09 14:43:31.798 [main] BasicTypeRegistry - Adding type registration imm_time -> org.hibernate.type.BasicTypeReference@3ec7eb5
[DEBUG] 2026-01-09 14:43:31.798 [main] BasicTypeRegistry - Adding type registration imm_timestamp -> org.hibernate.type.BasicTypeReference@5534e6f1
[DEBUG] 2026-01-09 14:43:31.798 [main] BasicTypeRegistry - Adding type registration imm_calendar -> org.hibernate.type.BasicTypeReference@4c6fc3e7
[DEBUG] 2026-01-09 14:43:31.798 [main] BasicTypeRegistry - Adding type registration imm_calendar_date -> org.hibernate.type.BasicTypeReference@aa8dce8
[DEBUG] 2026-01-09 14:43:31.798 [main] BasicTypeRegistry - Adding type registration imm_calendar_time -> org.hibernate.type.BasicTypeReference@6ad112de
[DEBUG] 2026-01-09 14:43:31.799 [main] BasicTypeRegistry - Adding type registration imm_binary -> org.hibernate.type.BasicTypeReference@18a0721b
[DEBUG] 2026-01-09 14:43:31.799 [main] BasicTypeRegistry - Adding type registration imm_serializable -> org.hibernate.type.BasicTypeReference@2ae2fa13
[DEBUG] 2026-01-09 14:43:31.807 [main] BootstrapContextImpl - Injecting JPA temp ClassLoader [org.springframework.instrument.classloading.SimpleThrowawayClassLoader@f5ae29e] into BootstrapContext; was [null]
[DEBUG] 2026-01-09 14:43:31.807 [main] ClassLoaderAccessImpl - ClassLoaderAccessImpl#injectTempClassLoader(org.springframework.instrument.classloading.SimpleThrowawayClassLoader@f5ae29e) [was null]
[DEBUG] 2026-01-09 14:43:31.809 [main] BootstrapContextImpl - Injecting ScanEnvironment [org.hibernate.jpa.boot.internal.StandardJpaScanEnvironmentImpl@6bdedbbd] into BootstrapContext; was [null]
[DEBUG] 2026-01-09 14:43:31.809 [main] BootstrapContextImpl - Injecting ScanOptions [org.hibernate.boot.archive.scan.internal.StandardScanOptions@47b961e2] into BootstrapContext; was [org.hibernate.boot.archive.scan.internal.StandardScanOptions@d2cb2d0]
[DEBUG] 2026-01-09 14:43:31.851 [main] PersistenceUnitInfoDescriptor - Pushing class transformers for PU named 'default' on loading classloader jdk.internal.loader.ClassLoaders$AppClassLoader@1376c05c
[INFO ] 2026-01-09 14:43:32.291 [main] SpringPersistenceUnitInfo - No LoadTimeWeaver setup: ignoring JPA class transformer
[DEBUG] 2026-01-09 14:43:32.292 [main] BootstrapContextImpl - Injecting JPA temp ClassLoader [null] into BootstrapContext; was [org.springframework.instrument.classloading.SimpleThrowawayClassLoader@f5ae29e]
[DEBUG] 2026-01-09 14:43:32.292 [main] ClassLoaderAccessImpl - ClassLoaderAccessImpl#injectTempClassLoader(null) [was org.springframework.instrument.classloading.SimpleThrowawayClassLoader@f5ae29e]
[INFO ] 2026-01-09 14:43:32.386 [main] HikariDataSource - HikariPool-1 - Starting...
[INFO ] 2026-01-09 14:43:36.854 [main] HikariPool - HikariPool-1 - Added connection org.postgresql.jdbc.PgConnection@723c5f86
[INFO ] 2026-01-09 14:43:36.857 [main] HikariDataSource - HikariPool-1 - Start completed.
[DEBUG] 2026-01-09 14:43:36.868 [main] JdbcEnvironmentInitiator - Database ->
	   name : PostgreSQL
	version : 17.6 (Ubuntu 17.6-2.pgdg24.04+1)
	  major : 17
	  minor : 6
[DEBUG] 2026-01-09 14:43:36.868 [main] JdbcEnvironmentInitiator - Driver ->
	   name : PostgreSQL JDBC Driver
	version : 42.7.7
	  major : 42
	  minor : 7
[DEBUG] 2026-01-09 14:43:36.869 [main] JdbcEnvironmentInitiator - JDBC version : 4.2
[WARN ] 2026-01-09 14:43:37.044 [main] deprecation - HHH90000025: PostgreSQLDialect does not need to be specified explicitly using 'hibernate.dialect' (remove the property setting and it will be selected by default)
[DEBUG] 2026-01-09 14:43:37.045 [main] dialect - HHH035001: Using dialect: org.hibernate.dialect.PostgreSQLDialect, version: 17.6
[DEBUG] 2026-01-09 14:43:37.051 [main] IdentifierHelperBuilder - JDBC driver metadata reported database stores quoted identifiers in neither upper, lower nor mixed case
[DEBUG] 2026-01-09 14:43:37.083 [main] lob - HHH10010004: Disabling contextual LOB creation as Dialect reported it is not supported
[INFO ] 2026-01-09 14:43:37.100 [main] pooling - HHH10001005: Database info:
	Database JDBC URL [Connecting through datasource 'HikariDataSource (HikariPool-1)']
	Database driver: undefined/unknown
	Database version: 17.6
	Autocommit mode: undefined/unknown
	Isolation level: undefined/unknown
	Minimum pool size: undefined/unknown
	Maximum pool size: undefined/unknown
[DEBUG] 2026-01-09 14:43:37.121 [main] JdbcTypeRegistry - addDescriptor(2004, BlobTypeDescriptor(BLOB_BINDING)) replaced previous registration(BlobTypeDescriptor(DEFAULT))
[DEBUG] 2026-01-09 14:43:37.122 [main] JdbcTypeRegistry - addDescriptor(2005, ClobTypeDescriptor(CLOB_BINDING)) replaced previous registration(ClobTypeDescriptor(DEFAULT))
[DEBUG] 2026-01-09 14:43:37.140 [main] BasicTypeRegistry - Adding type registration JAVA_OBJECT -> org.hibernate.type.JavaObjectType@74919649
[DEBUG] 2026-01-09 14:43:37.140 [main] BasicTypeRegistry - Adding type registration java.lang.Object -> org.hibernate.type.JavaObjectType@74919649
[DEBUG] 2026-01-09 14:43:37.141 [main] BasicTypeRegistry - Type registration key [java.lang.Object] overrode previous entry : `org.hibernate.type.JavaObjectType@4cef0747`
[DEBUG] 2026-01-09 14:43:37.150 [main] BasicTypeRegistry - Adding type registration org.hibernate.type.DurationType -> basicType@1(java.time.Duration,3015)
[DEBUG] 2026-01-09 14:43:37.150 [main] BasicTypeRegistry - Adding type registration Duration -> basicType@1(java.time.Duration,3015)
[DEBUG] 2026-01-09 14:43:37.150 [main] BasicTypeRegistry - Adding type registration java.time.Duration -> basicType@1(java.time.Duration,3015)
[DEBUG] 2026-01-09 14:43:37.157 [main] BasicTypeRegistry - Adding type registration org.hibernate.type.OffsetDateTimeType -> basicType@2(java.time.OffsetDateTime,3003)
[DEBUG] 2026-01-09 14:43:37.157 [main] BasicTypeRegistry - Adding type registration OffsetDateTime -> basicType@2(java.time.OffsetDateTime,3003)
[DEBUG] 2026-01-09 14:43:37.157 [main] BasicTypeRegistry - Adding type registration java.time.OffsetDateTime -> basicType@2(java.time.OffsetDateTime,3003)
[DEBUG] 2026-01-09 14:43:37.157 [main] BasicTypeRegistry - Adding type registration org.hibernate.type.ZonedDateTimeType -> basicType@3(java.time.ZonedDateTime,3003)
[DEBUG] 2026-01-09 14:43:37.157 [main] BasicTypeRegistry - Adding type registration ZonedDateTime -> basicType@3(java.time.ZonedDateTime,3003)
[DEBUG] 2026-01-09 14:43:37.157 [main] BasicTypeRegistry - Adding type registration java.time.ZonedDateTime -> basicType@3(java.time.ZonedDateTime,3003)
[DEBUG] 2026-01-09 14:43:37.160 [main] BasicTypeRegistry - Adding type registration org.hibernate.type.OffsetTimeType -> basicType@4(java.time.OffsetTime,3007)
[DEBUG] 2026-01-09 14:43:37.160 [main] BasicTypeRegistry - Adding type registration OffsetTime -> basicType@4(java.time.OffsetTime,3007)
[DEBUG] 2026-01-09 14:43:37.160 [main] BasicTypeRegistry - Adding type registration java.time.OffsetTime -> basicType@4(java.time.OffsetTime,3007)
[DEBUG] 2026-01-09 14:43:37.162 [main] TypeConfiguration$Scope - Scoping TypeConfiguration [org.hibernate.type.spi.TypeConfiguration@22b10124] to MetadataBuildingContext [org.hibernate.boot.internal.MetadataBuildingContextRootImpl@6f36e806]
[DEBUG] 2026-01-09 14:43:37.239 [main] Namespace - Created database namespace [logicalName=Name{catalog=null, schema=null}, physicalName=Name{catalog=null, schema=null}]
[DEBUG] 2026-01-09 14:43:37.289 [main] EntityBinder - Binding entity from annotated class: com.thukera.creditcard.model.entities.CreditCard
[DEBUG] 2026-01-09 14:43:37.304 [main] EntityBinder - Import with entity name CreditCard
[DEBUG] 2026-01-09 14:43:37.322 [main] EntityBinder - Bind entity com.thukera.creditcard.model.entities.CreditCard on table tb_credit_card
[DEBUG] 2026-01-09 14:43:37.348 [main] AnnotatedColumn - Binding column: AnnotatedDiscriminatorColumn(column='DTYPE')
[DEBUG] 2026-01-09 14:43:37.406 [main] AnnotatedColumn - Binding column: AnnotatedColumn(column='card_id')
[DEBUG] 2026-01-09 14:43:37.410 [main] ClassLoaderAccessImpl - Not known whether passed class name [com.thukera.creditcard.model.entities.CreditCard] is safe
[DEBUG] 2026-01-09 14:43:37.410 [main] ClassLoaderAccessImpl - No temp ClassLoader provided; using live ClassLoader for loading potentially unsafe class : com.thukera.creditcard.model.entities.CreditCard
[DEBUG] 2026-01-09 14:43:37.420 [main] PropertyBinder - MetadataSourceProcessor property cardId with lazy=false
[DEBUG] 2026-01-09 14:43:37.433 [main] AbstractPropertyHolder - Attempting to locate auto-apply AttributeConverter for property [com.thukera.creditcard.model.entities.CreditCard:cardId]
[DEBUG] 2026-01-09 14:43:37.440 [main] BasicValueBinder - building BasicValue for cardId
[DEBUG] 2026-01-09 14:43:37.447 [main] BasicValue - Skipping column re-registration: tb_credit_card.card_id
[DEBUG] 2026-01-09 14:43:37.447 [main] PropertyBinder - Building property cardId
[DEBUG] 2026-01-09 14:43:37.458 [main] BinderHelper - #makeIdGenerator(BasicValue([Column(card_id)]), cardId, org.hibernate.id.enhanced.SequenceStyleGenerator, credit_card_seq, ...)
[DEBUG] 2026-01-09 14:43:37.464 [main] AnnotatedColumn - Binding column: AnnotatedColumn(column='bank')
[DEBUG] 2026-01-09 14:43:37.465 [main] PropertyBinder - MetadataSourceProcessor property bank with lazy=false
[DEBUG] 2026-01-09 14:43:37.465 [main] AbstractPropertyHolder - Attempting to locate auto-apply AttributeConverter for property [com.thukera.creditcard.model.entities.CreditCard:bank]
[DEBUG] 2026-01-09 14:43:37.466 [main] BasicValueBinder - building BasicValue for bank
[DEBUG] 2026-01-09 14:43:37.466 [main] BasicValue - Skipping column re-registration: tb_credit_card.bank
[DEBUG] 2026-01-09 14:43:37.466 [main] PropertyBinder - Building property bank
[DEBUG] 2026-01-09 14:43:37.470 [main] AnnotatedColumn - Binding column: AnnotatedColumn(column='billing_period_end')
[DEBUG] 2026-01-09 14:43:37.470 [main] PropertyBinder - MetadataSourceProcessor property billingPeriodEnd with lazy=false
[DEBUG] 2026-01-09 14:43:37.470 [main] AbstractPropertyHolder - Attempting to locate auto-apply AttributeConverter for property [com.thukera.creditcard.model.entities.CreditCard:billingPeriodEnd]
[DEBUG] 2026-01-09 14:43:37.471 [main] BasicValueBinder - building BasicValue for billingPeriodEnd
[DEBUG] 2026-01-09 14:43:37.471 [main] BasicValue - Skipping column re-registration: tb_credit_card.billing_period_end
[DEBUG] 2026-01-09 14:43:37.471 [main] PropertyBinder - Building property billingPeriodEnd
[DEBUG] 2026-01-09 14:43:37.472 [main] AnnotatedColumn - Binding column: AnnotatedColumn(column='billing_period_start')
[DEBUG] 2026-01-09 14:43:37.472 [main] PropertyBinder - MetadataSourceProcessor property billingPeriodStart with lazy=false
[DEBUG] 2026-01-09 14:43:37.472 [main] AbstractPropertyHolder - Attempting to locate auto-apply AttributeConverter for property [com.thukera.creditcard.model.entities.CreditCard:billingPeriodStart]
[DEBUG] 2026-01-09 14:43:37.472 [main] BasicValueBinder - building BasicValue for billingPeriodStart
[DEBUG] 2026-01-09 14:43:37.472 [main] BasicValue - Skipping column re-registration: tb_credit_card.billing_period_start
[DEBUG] 2026-01-09 14:43:37.473 [main] PropertyBinder - Building property billingPeriodStart
[DEBUG] 2026-01-09 14:43:37.473 [main] AnnotatedColumn - Binding column: AnnotatedColumn(column='data_cadastro')
[DEBUG] 2026-01-09 14:43:37.473 [main] PropertyBinder - MetadataSourceProcessor property dataCadastro with lazy=false
[DEBUG] 2026-01-09 14:43:37.474 [main] AbstractPropertyHolder - Attempting to locate auto-apply AttributeConverter for property [com.thukera.creditcard.model.entities.CreditCard:dataCadastro]
[DEBUG] 2026-01-09 14:43:37.474 [main] BasicValueBinder - building BasicValue for dataCadastro
[DEBUG] 2026-01-09 14:43:37.474 [main] BasicValue - Skipping column re-registration: tb_credit_card.data_cadastro
[DEBUG] 2026-01-09 14:43:37.474 [main] PropertyBinder - Building property dataCadastro
[DEBUG] 2026-01-09 14:43:37.475 [main] AnnotatedColumn - Binding column: AnnotatedColumn(column='billing_due_date')
[DEBUG] 2026-01-09 14:43:37.475 [main] PropertyBinder - MetadataSourceProcessor property dueDate with lazy=false
[DEBUG] 2026-01-09 14:43:37.475 [main] AbstractPropertyHolder - Attempting to locate auto-apply AttributeConverter for property [com.thukera.creditcard.model.entities.CreditCard:dueDate]
[DEBUG] 2026-01-09 14:43:37.475 [main] BasicValueBinder - building BasicValue for dueDate
[DEBUG] 2026-01-09 14:43:37.476 [main] BasicValue - Skipping column re-registration: tb_credit_card.billing_due_date
[DEBUG] 2026-01-09 14:43:37.476 [main] PropertyBinder - Building property dueDate
[DEBUG] 2026-01-09 14:43:37.477 [main] AnnotatedColumn - Binding column: AnnotatedColumn(column='end_numbers')
[DEBUG] 2026-01-09 14:43:37.477 [main] PropertyBinder - MetadataSourceProcessor property endnumbers with lazy=false
[DEBUG] 2026-01-09 14:43:37.477 [main] AbstractPropertyHolder - Attempting to locate auto-apply AttributeConverter for property [com.thukera.creditcard.model.entities.CreditCard:endnumbers]
[DEBUG] 2026-01-09 14:43:37.477 [main] BasicValueBinder - building BasicValue for endnumbers
[DEBUG] 2026-01-09 14:43:37.478 [main] BasicValue - Skipping column re-registration: tb_credit_card.end_numbers
[DEBUG] 2026-01-09 14:43:37.478 [main] PropertyBinder - Building property endnumbers
[DEBUG] 2026-01-09 14:43:37.488 [main] AnnotatedColumn - Binding column: AnnotatedJoinColumn()
[DEBUG] 2026-01-09 14:43:37.496 [main] AnnotatedColumn - Binding column: AnnotatedColumn()
[DEBUG] 2026-01-09 14:43:37.523 [main] AnnotatedColumn - Binding column: IndexColumn(column='invoices_ORDER')
[DEBUG] 2026-01-09 14:43:37.527 [main] AnnotatedColumn - Binding column: AnnotatedColumn()
[DEBUG] 2026-01-09 14:43:37.530 [main] AnnotatedColumn - Binding column: AnnotatedColumn(column='invoices_KEY')
[DEBUG] 2026-01-09 14:43:37.534 [main] AnnotatedColumn - Binding column: AnnotatedJoinColumn(column='invoices_KEY')
[DEBUG] 2026-01-09 14:43:37.537 [main] AnnotatedColumn - Binding column: AnnotatedJoinColumn()
[DEBUG] 2026-01-09 14:43:37.537 [main] AnnotatedColumn - Binding column: AnnotatedJoinColumn()
[DEBUG] 2026-01-09 14:43:37.544 [main] CollectionBinder - Collection role: com.thukera.creditcard.model.entities.CreditCard.invoices
[DEBUG] 2026-01-09 14:43:37.550 [main] PropertyBinder - Building property invoices
[DEBUG] 2026-01-09 14:43:37.550 [main] AnnotatedColumn - Binding column: AnnotatedColumn(column='nickname')
[DEBUG] 2026-01-09 14:43:37.551 [main] PropertyBinder - MetadataSourceProcessor property nickname with lazy=false
[DEBUG] 2026-01-09 14:43:37.551 [main] AbstractPropertyHolder - Attempting to locate auto-apply AttributeConverter for property [com.thukera.creditcard.model.entities.CreditCard:nickname]
[DEBUG] 2026-01-09 14:43:37.551 [main] BasicValueBinder - building BasicValue for nickname
[DEBUG] 2026-01-09 14:43:37.551 [main] BasicValue - Skipping column re-registration: tb_credit_card.nickname
[DEBUG] 2026-01-09 14:43:37.551 [main] PropertyBinder - Building property nickname
[DEBUG] 2026-01-09 14:43:37.552 [main] AnnotatedColumn - Binding column: AnnotatedJoinColumn()
[DEBUG] 2026-01-09 14:43:37.552 [main] AnnotatedColumn - Binding column: AnnotatedColumn()
[DEBUG] 2026-01-09 14:43:37.553 [main] AnnotatedColumn - Binding column: IndexColumn(column='purchases_ORDER')
[DEBUG] 2026-01-09 14:43:37.553 [main] AnnotatedColumn - Binding column: AnnotatedColumn()
[DEBUG] 2026-01-09 14:43:37.553 [main] AnnotatedColumn - Binding column: AnnotatedColumn(column='purchases_KEY')
[DEBUG] 2026-01-09 14:43:37.554 [main] AnnotatedColumn - Binding column: AnnotatedJoinColumn(column='purchases_KEY')
[DEBUG] 2026-01-09 14:43:37.554 [main] AnnotatedColumn - Binding column: AnnotatedJoinColumn()
[DEBUG] 2026-01-09 14:43:37.554 [main] AnnotatedColumn - Binding column: AnnotatedJoinColumn()
[DEBUG] 2026-01-09 14:43:37.554 [main] CollectionBinder - Collection role: com.thukera.creditcard.model.entities.CreditCard.purchases
[DEBUG] 2026-01-09 14:43:37.554 [main] PropertyBinder - Building property purchases
[DEBUG] 2026-01-09 14:43:37.556 [main] AnnotatedColumn - Binding column: AnnotatedColumn(column='total_limit')
[DEBUG] 2026-01-09 14:43:37.557 [main] PropertyBinder - MetadataSourceProcessor property totalLimit with lazy=false
[DEBUG] 2026-01-09 14:43:37.557 [main] AbstractPropertyHolder - Attempting to locate auto-apply AttributeConverter for property [com.thukera.creditcard.model.entities.CreditCard:totalLimit]
[DEBUG] 2026-01-09 14:43:37.557 [main] BasicValueBinder - building BasicValue for totalLimit
[DEBUG] 2026-01-09 14:43:37.557 [main] BasicValue - Skipping column re-registration: tb_credit_card.total_limit
[DEBUG] 2026-01-09 14:43:37.557 [main] PropertyBinder - Building property totalLimit
[DEBUG] 2026-01-09 14:43:37.558 [main] AnnotatedColumn - Binding column: AnnotatedColumn(column='used_limit')
[DEBUG] 2026-01-09 14:43:37.558 [main] PropertyBinder - MetadataSourceProcessor property usedLimit with lazy=false
[DEBUG] 2026-01-09 14:43:37.558 [main] AbstractPropertyHolder - Attempting to locate auto-apply AttributeConverter for property [com.thukera.creditcard.model.entities.CreditCard:usedLimit]
[DEBUG] 2026-01-09 14:43:37.558 [main] BasicValueBinder - building BasicValue for usedLimit
[DEBUG] 2026-01-09 14:43:37.558 [main] BasicValue - Skipping column re-registration: tb_credit_card.used_limit
[DEBUG] 2026-01-09 14:43:37.558 [main] PropertyBinder - Building property usedLimit
[DEBUG] 2026-01-09 14:43:37.559 [main] AnnotatedColumn - Binding column: AnnotatedJoinColumn(column='user_id')
[DEBUG] 2026-01-09 14:43:37.559 [main] AnnotatedColumn - Binding column: AnnotatedColumn()
[DEBUG] 2026-01-09 14:43:37.567 [main] PropertyBinder - Building property user
[DEBUG] 2026-01-09 14:43:37.570 [main] ClassLoaderServiceImpl - HHH000194: Package not found or no package-info.java: com.thukera.creditcard.model.entities
[DEBUG] 2026-01-09 14:43:37.581 [main] CallbackDefinitionResolverLegacyImpl - Adding prePersist as PrePersist callback for entity com.thukera.creditcard.model.entities.CreditCard
[DEBUG] 2026-01-09 14:43:37.584 [main] EntityBinder - Binding entity from annotated class: com.thukera.creditcard.model.entities.CreditPurchase
[DEBUG] 2026-01-09 14:43:37.585 [main] EntityBinder - Import with entity name CreditPurchase
[DEBUG] 2026-01-09 14:43:37.585 [main] EntityBinder - Bind entity com.thukera.creditcard.model.entities.CreditPurchase on table tb_credit_purchase
[DEBUG] 2026-01-09 14:43:37.586 [main] AnnotatedColumn - Binding column: AnnotatedDiscriminatorColumn(column='DTYPE')
[DEBUG] 2026-01-09 14:43:37.589 [main] AnnotatedColumn - Binding column: AnnotatedColumn(column='purchase_id')
[DEBUG] 2026-01-09 14:43:37.590 [main] ClassLoaderAccessImpl - Not known whether passed class name [com.thukera.creditcard.model.entities.CreditPurchase] is safe
[DEBUG] 2026-01-09 14:43:37.590 [main] ClassLoaderAccessImpl - No temp ClassLoader provided; using live ClassLoader for loading potentially unsafe class : com.thukera.creditcard.model.entities.CreditPurchase
[DEBUG] 2026-01-09 14:43:37.591 [main] PropertyBinder - MetadataSourceProcessor property purchaseId with lazy=false
[DEBUG] 2026-01-09 14:43:37.591 [main] AbstractPropertyHolder - Attempting to locate auto-apply AttributeConverter for property [com.thukera.creditcard.model.entities.CreditPurchase:purchaseId]
[DEBUG] 2026-01-09 14:43:37.591 [main] BasicValueBinder - building BasicValue for purchaseId
[DEBUG] 2026-01-09 14:43:37.591 [main] BasicValue - Skipping column re-registration: tb_credit_purchase.purchase_id
[DEBUG] 2026-01-09 14:43:37.591 [main] PropertyBinder - Building property purchaseId
[DEBUG] 2026-01-09 14:43:37.591 [main] BinderHelper - #makeIdGenerator(BasicValue([Column(purchase_id)]), purchaseId, org.hibernate.id.enhanced.SequenceStyleGenerator, purchase_seq, ...)
[DEBUG] 2026-01-09 14:43:37.592 [main] AnnotatedColumn - Binding column: AnnotatedJoinColumn(column='tb_purchase_category')
[DEBUG] 2026-01-09 14:43:37.592 [main] AnnotatedColumn - Binding column: AnnotatedColumn()
[DEBUG] 2026-01-09 14:43:37.592 [main] PropertyBinder - Building property category
[DEBUG] 2026-01-09 14:43:37.593 [main] AnnotatedColumn - Binding column: AnnotatedJoinColumn(column='card_id')
[DEBUG] 2026-01-09 14:43:37.594 [main] AnnotatedColumn - Binding column: AnnotatedColumn()
[DEBUG] 2026-01-09 14:43:37.594 [main] PropertyBinder - Building property creditCard
[DEBUG] 2026-01-09 14:43:37.595 [main] AnnotatedColumn - Binding column: AnnotatedColumn(column='descricao')
[DEBUG] 2026-01-09 14:43:37.595 [main] PropertyBinder - MetadataSourceProcessor property descricao with lazy=false
[DEBUG] 2026-01-09 14:43:37.595 [main] AbstractPropertyHolder - Attempting to locate auto-apply AttributeConverter for property [com.thukera.creditcard.model.entities.CreditPurchase:descricao]
[DEBUG] 2026-01-09 14:43:37.596 [main] BasicValueBinder - building BasicValue for descricao
[DEBUG] 2026-01-09 14:43:37.596 [main] BasicValue - Skipping column re-registration: tb_credit_purchase.descricao
[DEBUG] 2026-01-09 14:43:37.596 [main] PropertyBinder - Building property descricao
[DEBUG] 2026-01-09 14:43:37.596 [main] AnnotatedColumn - Binding column: AnnotatedColumn()
[DEBUG] 2026-01-09 14:43:37.597 [main] PropertyBinder - MetadataSourceProcessor property hasInstallments with lazy=false
[DEBUG] 2026-01-09 14:43:37.597 [main] AbstractPropertyHolder - Attempting to locate auto-apply AttributeConverter for property [com.thukera.creditcard.model.entities.CreditPurchase:hasInstallments]
[DEBUG] 2026-01-09 14:43:37.597 [main] BasicValueBinder - building BasicValue for hasInstallments
[DEBUG] 2026-01-09 14:43:37.597 [main] BasicValue - Skipping column re-registration: tb_credit_purchase.has_installments
[DEBUG] 2026-01-09 14:43:37.597 [main] PropertyBinder - Building property hasInstallments
[DEBUG] 2026-01-09 14:43:37.599 [main] AnnotatedColumn - Binding column: AnnotatedJoinColumn()
[DEBUG] 2026-01-09 14:43:37.600 [main] AnnotatedColumn - Binding column: AnnotatedColumn()
[DEBUG] 2026-01-09 14:43:37.600 [main] AnnotatedColumn - Binding column: IndexColumn(column='installments_ORDER')
[DEBUG] 2026-01-09 14:43:37.601 [main] AnnotatedColumn - Binding column: AnnotatedColumn()
[DEBUG] 2026-01-09 14:43:37.601 [main] AnnotatedColumn - Binding column: AnnotatedColumn(column='installments_KEY')
[DEBUG] 2026-01-09 14:43:37.601 [main] AnnotatedColumn - Binding column: AnnotatedJoinColumn(column='installments_KEY')
[DEBUG] 2026-01-09 14:43:37.601 [main] AnnotatedColumn - Binding column: AnnotatedJoinColumn()
[DEBUG] 2026-01-09 14:43:37.601 [main] AnnotatedColumn - Binding column: AnnotatedJoinColumn()
[DEBUG] 2026-01-09 14:43:37.602 [main] CollectionBinder - Collection role: com.thukera.creditcard.model.entities.CreditPurchase.installments
[DEBUG] 2026-01-09 14:43:37.602 [main] PropertyBinder - Building property installments
[DEBUG] 2026-01-09 14:43:37.602 [main] AnnotatedColumn - Binding column: IndexColumn(column='invoices_ORDER')
[DEBUG] 2026-01-09 14:43:37.602 [main] AnnotatedColumn - Binding column: AnnotatedColumn()
[DEBUG] 2026-01-09 14:43:37.603 [main] AnnotatedColumn - Binding column: AnnotatedColumn(column='invoices_KEY')
[DEBUG] 2026-01-09 14:43:37.603 [main] AnnotatedColumn - Binding column: AnnotatedJoinColumn(column='invoices_KEY')
[DEBUG] 2026-01-09 14:43:37.603 [main] AnnotatedColumn - Binding column: AnnotatedJoinColumn()
[DEBUG] 2026-01-09 14:43:37.603 [main] AnnotatedColumn - Binding column: AnnotatedJoinColumn()
[DEBUG] 2026-01-09 14:43:37.603 [main] CollectionBinder - Collection role: com.thukera.creditcard.model.entities.CreditPurchase.invoices
[DEBUG] 2026-01-09 14:43:37.604 [main] PropertyBinder - Building property invoices
[DEBUG] 2026-01-09 14:43:37.604 [main] AnnotatedColumn - Binding column: AnnotatedColumn(column='purchase_date_time')
[DEBUG] 2026-01-09 14:43:37.605 [main] PropertyBinder - MetadataSourceProcessor property purchaseDateTime with lazy=false
[DEBUG] 2026-01-09 14:43:37.605 [main] AbstractPropertyHolder - Attempting to locate auto-apply AttributeConverter for property [com.thukera.creditcard.model.entities.CreditPurchase:purchaseDateTime]
[DEBUG] 2026-01-09 14:43:37.605 [main] BasicValueBinder - building BasicValue for purchaseDateTime
[DEBUG] 2026-01-09 14:43:37.605 [main] BasicValue - Skipping column re-registration: tb_credit_purchase.purchase_date_time
[DEBUG] 2026-01-09 14:43:37.606 [main] PropertyBinder - Building property purchaseDateTime
[DEBUG] 2026-01-09 14:43:37.606 [main] AnnotatedColumn - Binding column: AnnotatedColumn(column='value')
[DEBUG] 2026-01-09 14:43:37.606 [main] PropertyBinder - MetadataSourceProcessor property value with lazy=false
[DEBUG] 2026-01-09 14:43:37.606 [main] AbstractPropertyHolder - Attempting to locate auto-apply AttributeConverter for property [com.thukera.creditcard.model.entities.CreditPurchase:value]
[DEBUG] 2026-01-09 14:43:37.606 [main] BasicValueBinder - building BasicValue for value
[DEBUG] 2026-01-09 14:43:37.607 [main] BasicValue - Skipping column re-registration: tb_credit_purchase.value
[DEBUG] 2026-01-09 14:43:37.607 [main] PropertyBinder - Building property value
[DEBUG] 2026-01-09 14:43:37.607 [main] ClassLoaderServiceImpl - HHH000194: Package not found or no package-info.java: com.thukera.creditcard.model.entities
[DEBUG] 2026-01-09 14:43:37.610 [main] EntityBinder - Binding entity from annotated class: com.thukera.creditcard.model.entities.Installment
[DEBUG] 2026-01-09 14:43:37.610 [main] EntityBinder - Import with entity name Installment
[DEBUG] 2026-01-09 14:43:37.611 [main] EntityBinder - Bind entity com.thukera.creditcard.model.entities.Installment on table tb_installment
[DEBUG] 2026-01-09 14:43:37.611 [main] AnnotatedColumn - Binding column: AnnotatedDiscriminatorColumn(column='DTYPE')
[DEBUG] 2026-01-09 14:43:37.613 [main] AnnotatedColumn - Binding column: AnnotatedColumn(column='installment_id')
[DEBUG] 2026-01-09 14:43:37.614 [main] ClassLoaderAccessImpl - Not known whether passed class name [com.thukera.creditcard.model.entities.Installment] is safe
[DEBUG] 2026-01-09 14:43:37.614 [main] ClassLoaderAccessImpl - No temp ClassLoader provided; using live ClassLoader for loading potentially unsafe class : com.thukera.creditcard.model.entities.Installment
[DEBUG] 2026-01-09 14:43:37.614 [main] PropertyBinder - MetadataSourceProcessor property installmentId with lazy=false
[DEBUG] 2026-01-09 14:43:37.614 [main] AbstractPropertyHolder - Attempting to locate auto-apply AttributeConverter for property [com.thukera.creditcard.model.entities.Installment:installmentId]
[DEBUG] 2026-01-09 14:43:37.614 [main] BasicValueBinder - building BasicValue for installmentId
[DEBUG] 2026-01-09 14:43:37.614 [main] BasicValue - Skipping column re-registration: tb_installment.installment_id
[DEBUG] 2026-01-09 14:43:37.614 [main] PropertyBinder - Building property installmentId
[DEBUG] 2026-01-09 14:43:37.615 [main] BinderHelper - #makeIdGenerator(BasicValue([Column(installment_id)]), installmentId, org.hibernate.id.enhanced.SequenceStyleGenerator, installment_seq, ...)
[DEBUG] 2026-01-09 14:43:37.615 [main] AnnotatedColumn - Binding column: AnnotatedColumn(column='installment_number')
[DEBUG] 2026-01-09 14:43:37.615 [main] PropertyBinder - MetadataSourceProcessor property currentInstallment with lazy=false
[DEBUG] 2026-01-09 14:43:37.616 [main] AbstractPropertyHolder - Attempting to locate auto-apply AttributeConverter for property [com.thukera.creditcard.model.entities.Installment:currentInstallment]
[DEBUG] 2026-01-09 14:43:37.616 [main] BasicValueBinder - building BasicValue for currentInstallment
[DEBUG] 2026-01-09 14:43:37.616 [main] BasicValue - Skipping column re-registration: tb_installment.installment_number
[DEBUG] 2026-01-09 14:43:37.616 [main] PropertyBinder - Building property currentInstallment
[DEBUG] 2026-01-09 14:43:37.616 [main] AnnotatedColumn - Binding column: AnnotatedJoinColumn(column='invoice_id')
[DEBUG] 2026-01-09 14:43:37.617 [main] AnnotatedColumn - Binding column: AnnotatedColumn()
[DEBUG] 2026-01-09 14:43:37.617 [main] PropertyBinder - Building property invoice
[DEBUG] 2026-01-09 14:43:37.617 [main] AnnotatedColumn - Binding column: AnnotatedJoinColumn(column='credit_purchase_id')
[DEBUG] 2026-01-09 14:43:37.617 [main] AnnotatedColumn - Binding column: AnnotatedColumn()
[DEBUG] 2026-01-09 14:43:37.617 [main] PropertyBinder - Building property purchase
[DEBUG] 2026-01-09 14:43:37.617 [main] AnnotatedColumn - Binding column: AnnotatedColumn(column='installment_total')
[DEBUG] 2026-01-09 14:43:37.619 [main] PropertyBinder - MetadataSourceProcessor property totalInstallment with lazy=false
[DEBUG] 2026-01-09 14:43:37.619 [main] AbstractPropertyHolder - Attempting to locate auto-apply AttributeConverter for property [com.thukera.creditcard.model.entities.Installment:totalInstallment]
[DEBUG] 2026-01-09 14:43:37.619 [main] BasicValueBinder - building BasicValue for totalInstallment
[DEBUG] 2026-01-09 14:43:37.619 [main] BasicValue - Skipping column re-registration: tb_installment.installment_total
[DEBUG] 2026-01-09 14:43:37.619 [main] PropertyBinder - Building property totalInstallment
[DEBUG] 2026-01-09 14:43:37.620 [main] AnnotatedColumn - Binding column: AnnotatedColumn(column='amount')
[DEBUG] 2026-01-09 14:43:37.620 [main] PropertyBinder - MetadataSourceProcessor property value with lazy=false
[DEBUG] 2026-01-09 14:43:37.620 [main] AbstractPropertyHolder - Attempting to locate auto-apply AttributeConverter for property [com.thukera.creditcard.model.entities.Installment:value]
[DEBUG] 2026-01-09 14:43:37.621 [main] BasicValueBinder - building BasicValue for value
[DEBUG] 2026-01-09 14:43:37.621 [main] BasicValue - Skipping column re-registration: tb_installment.amount
[DEBUG] 2026-01-09 14:43:37.621 [main] PropertyBinder - Building property value
[DEBUG] 2026-01-09 14:43:37.623 [main] ClassLoaderServiceImpl - HHH000194: Package not found or no package-info.java: com.thukera.creditcard.model.entities
[DEBUG] 2026-01-09 14:43:37.624 [main] EntityBinder - Binding entity from annotated class: com.thukera.creditcard.model.entities.Invoice
[DEBUG] 2026-01-09 14:43:37.624 [main] EntityBinder - Import with entity name Invoice
[DEBUG] 2026-01-09 14:43:37.625 [main] EntityBinder - Bind entity com.thukera.creditcard.model.entities.Invoice on table tb_invoice
[DEBUG] 2026-01-09 14:43:37.625 [main] AnnotatedColumn - Binding column: AnnotatedDiscriminatorColumn(column='DTYPE')
[DEBUG] 2026-01-09 14:43:37.634 [main] AnnotatedColumn - Binding column: AnnotatedColumn(column='invoice_id')
[DEBUG] 2026-01-09 14:43:37.634 [main] ClassLoaderAccessImpl - Not known whether passed class name [com.thukera.creditcard.model.entities.Invoice] is safe
[DEBUG] 2026-01-09 14:43:37.634 [main] ClassLoaderAccessImpl - No temp ClassLoader provided; using live ClassLoader for loading potentially unsafe class : com.thukera.creditcard.model.entities.Invoice
[DEBUG] 2026-01-09 14:43:37.635 [main] PropertyBinder - MetadataSourceProcessor property invoiceId with lazy=false
[DEBUG] 2026-01-09 14:43:37.635 [main] AbstractPropertyHolder - Attempting to locate auto-apply AttributeConverter for property [com.thukera.creditcard.model.entities.Invoice:invoiceId]
[DEBUG] 2026-01-09 14:43:37.635 [main] BasicValueBinder - building BasicValue for invoiceId
[DEBUG] 2026-01-09 14:43:37.635 [main] BasicValue - Skipping column re-registration: tb_invoice.invoice_id
[DEBUG] 2026-01-09 14:43:37.635 [main] PropertyBinder - Building property invoiceId
[DEBUG] 2026-01-09 14:43:37.635 [main] BinderHelper - #makeIdGenerator(BasicValue([Column(invoice_id)]), invoiceId, org.hibernate.id.enhanced.SequenceStyleGenerator, invoice_seq, ...)
[DEBUG] 2026-01-09 14:43:37.635 [main] BinderHelper - Could not resolve explicit IdentifierGeneratorDefinition - using implicit interpretation (invoice_seq)
[DEBUG] 2026-01-09 14:43:37.639 [main] AnnotatedColumn - Binding column: AnnotatedJoinColumn(column='card_id')
[DEBUG] 2026-01-09 14:43:37.639 [main] AnnotatedColumn - Binding column: AnnotatedColumn()
[DEBUG] 2026-01-09 14:43:37.639 [main] PropertyBinder - Building property creditCard
[DEBUG] 2026-01-09 14:43:37.639 [main] AnnotatedColumn - Binding column: AnnotatedColumn(column='due_date')
[DEBUG] 2026-01-09 14:43:37.639 [main] PropertyBinder - MetadataSourceProcessor property dueDate with lazy=false
[DEBUG] 2026-01-09 14:43:37.639 [main] AbstractPropertyHolder - Attempting to locate auto-apply AttributeConverter for property [com.thukera.creditcard.model.entities.Invoice:dueDate]
[DEBUG] 2026-01-09 14:43:37.639 [main] BasicValueBinder - building BasicValue for dueDate
[DEBUG] 2026-01-09 14:43:37.639 [main] BasicValue - Skipping column re-registration: tb_invoice.due_date
[DEBUG] 2026-01-09 14:43:37.640 [main] PropertyBinder - Building property dueDate
[DEBUG] 2026-01-09 14:43:37.640 [main] AnnotatedColumn - Binding column: AnnotatedColumn(column='end_date')
[DEBUG] 2026-01-09 14:43:37.640 [main] PropertyBinder - MetadataSourceProcessor property endDate with lazy=false
[DEBUG] 2026-01-09 14:43:37.640 [main] AbstractPropertyHolder - Attempting to locate auto-apply AttributeConverter for property [com.thukera.creditcard.model.entities.Invoice:endDate]
[DEBUG] 2026-01-09 14:43:37.640 [main] BasicValueBinder - building BasicValue for endDate
[DEBUG] 2026-01-09 14:43:37.640 [main] BasicValue - Skipping column re-registration: tb_invoice.end_date
[DEBUG] 2026-01-09 14:43:37.641 [main] PropertyBinder - Building property endDate
[DEBUG] 2026-01-09 14:43:37.642 [main] AnnotatedColumn - Binding column: AnnotatedJoinColumn()
[DEBUG] 2026-01-09 14:43:37.642 [main] AnnotatedColumn - Binding column: AnnotatedColumn()
[DEBUG] 2026-01-09 14:43:37.643 [main] AnnotatedColumn - Binding column: IndexColumn(column='installments_ORDER')
[DEBUG] 2026-01-09 14:43:37.643 [main] AnnotatedColumn - Binding column: AnnotatedColumn()
[DEBUG] 2026-01-09 14:43:37.643 [main] AnnotatedColumn - Binding column: AnnotatedColumn(column='installments_KEY')
[DEBUG] 2026-01-09 14:43:37.644 [main] AnnotatedColumn - Binding column: AnnotatedJoinColumn(column='installments_KEY')
[DEBUG] 2026-01-09 14:43:37.644 [main] AnnotatedColumn - Binding column: AnnotatedJoinColumn(column='invoice_id')
[DEBUG] 2026-01-09 14:43:37.644 [main] AnnotatedColumn - Binding column: AnnotatedJoinColumn(column='installment_id')
[DEBUG] 2026-01-09 14:43:37.644 [main] CollectionBinder - Collection role: com.thukera.creditcard.model.entities.Invoice.installments
[DEBUG] 2026-01-09 14:43:37.644 [main] PropertyBinder - Building property installments
[DEBUG] 2026-01-09 14:43:37.645 [main] AnnotatedColumn - Binding column: IndexColumn(column='purchases_ORDER')
[DEBUG] 2026-01-09 14:43:37.645 [main] AnnotatedColumn - Binding column: AnnotatedColumn()
[DEBUG] 2026-01-09 14:43:37.645 [main] AnnotatedColumn - Binding column: AnnotatedColumn(column='purchases_KEY')
[DEBUG] 2026-01-09 14:43:37.645 [main] AnnotatedColumn - Binding column: AnnotatedJoinColumn(column='purchases_KEY')
[DEBUG] 2026-01-09 14:43:37.645 [main] AnnotatedColumn - Binding column: AnnotatedJoinColumn(column='invoice_id')
[DEBUG] 2026-01-09 14:43:37.645 [main] AnnotatedColumn - Binding column: AnnotatedJoinColumn(column='purchase_id')
[DEBUG] 2026-01-09 14:43:37.647 [main] CollectionBinder - Collection role: com.thukera.creditcard.model.entities.Invoice.purchases
[DEBUG] 2026-01-09 14:43:37.647 [main] PropertyBinder - Building property purchases
[DEBUG] 2026-01-09 14:43:37.647 [main] AnnotatedColumn - Binding column: AnnotatedColumn(column='start_date')
[DEBUG] 2026-01-09 14:43:37.647 [main] PropertyBinder - MetadataSourceProcessor property startDate with lazy=false
[DEBUG] 2026-01-09 14:43:37.647 [main] AbstractPropertyHolder - Attempting to locate auto-apply AttributeConverter for property [com.thukera.creditcard.model.entities.Invoice:startDate]
[DEBUG] 2026-01-09 14:43:37.648 [main] BasicValueBinder - building BasicValue for startDate
[DEBUG] 2026-01-09 14:43:37.648 [main] BasicValue - Skipping column re-registration: tb_invoice.start_date
[DEBUG] 2026-01-09 14:43:37.649 [main] PropertyBinder - Building property startDate
[DEBUG] 2026-01-09 14:43:37.649 [main] AnnotatedColumn - Binding column: AnnotatedColumn(column='status')
[DEBUG] 2026-01-09 14:43:37.649 [main] PropertyBinder - MetadataSourceProcessor property status with lazy=false
[DEBUG] 2026-01-09 14:43:37.649 [main] AbstractPropertyHolder - Attempting to locate auto-apply AttributeConverter for property [com.thukera.creditcard.model.entities.Invoice:status]
[DEBUG] 2026-01-09 14:43:37.650 [main] BasicValueBinder - building BasicValue for status
[DEBUG] 2026-01-09 14:43:37.660 [main] BasicValue - Skipping column re-registration: tb_invoice.status
[DEBUG] 2026-01-09 14:43:37.661 [main] PropertyBinder - Building property status
[DEBUG] 2026-01-09 14:43:37.661 [main] AnnotatedColumn - Binding column: AnnotatedColumn(column='total_amount')
[DEBUG] 2026-01-09 14:43:37.661 [main] PropertyBinder - MetadataSourceProcessor property totalAmount with lazy=false
[DEBUG] 2026-01-09 14:43:37.661 [main] AbstractPropertyHolder - Attempting to locate auto-apply AttributeConverter for property [com.thukera.creditcard.model.entities.Invoice:totalAmount]
[DEBUG] 2026-01-09 14:43:37.661 [main] BasicValueBinder - building BasicValue for totalAmount
[DEBUG] 2026-01-09 14:43:37.661 [main] BasicValue - Skipping column re-registration: tb_invoice.total_amount
[DEBUG] 2026-01-09 14:43:37.662 [main] PropertyBinder - Building property totalAmount
[DEBUG] 2026-01-09 14:43:37.663 [main] ClassLoaderServiceImpl - HHH000194: Package not found or no package-info.java: com.thukera.creditcard.model.entities
[DEBUG] 2026-01-09 14:43:37.664 [main] EntityBinder - Binding entity from annotated class: com.thukera.creditcard.model.entities.PurchaseCategory
[DEBUG] 2026-01-09 14:43:37.665 [main] EntityBinder - Import with entity name PurchaseCategory
[DEBUG] 2026-01-09 14:43:37.666 [main] EntityBinder - Bind entity com.thukera.creditcard.model.entities.PurchaseCategory on table tb_purchase_category
[DEBUG] 2026-01-09 14:43:37.666 [main] AnnotatedColumn - Binding column: AnnotatedDiscriminatorColumn(column='DTYPE')
[DEBUG] 2026-01-09 14:43:37.667 [main] AnnotatedColumn - Binding column: AnnotatedColumn(column='purchase_category_id')
[DEBUG] 2026-01-09 14:43:37.667 [main] ClassLoaderAccessImpl - Not known whether passed class name [com.thukera.creditcard.model.entities.PurchaseCategory] is safe
[DEBUG] 2026-01-09 14:43:37.667 [main] ClassLoaderAccessImpl - No temp ClassLoader provided; using live ClassLoader for loading potentially unsafe class : com.thukera.creditcard.model.entities.PurchaseCategory
[DEBUG] 2026-01-09 14:43:37.669 [main] PropertyBinder - MetadataSourceProcessor property purchaseClassId with lazy=false
[DEBUG] 2026-01-09 14:43:37.669 [main] AbstractPropertyHolder - Attempting to locate auto-apply AttributeConverter for property [com.thukera.creditcard.model.entities.PurchaseCategory:purchaseClassId]
[DEBUG] 2026-01-09 14:43:37.669 [main] BasicValueBinder - building BasicValue for purchaseClassId
[DEBUG] 2026-01-09 14:43:37.669 [main] BasicValue - Skipping column re-registration: tb_purchase_category.purchase_category_id
[DEBUG] 2026-01-09 14:43:37.669 [main] PropertyBinder - Building property purchaseClassId
[DEBUG] 2026-01-09 14:43:37.669 [main] BinderHelper - #makeIdGenerator(BasicValue([Column(purchase_category_id)]), purchaseClassId, org.hibernate.id.enhanced.SequenceStyleGenerator, purchase_category_seq, ...)
[DEBUG] 2026-01-09 14:43:37.669 [main] AnnotatedColumn - Binding column: AnnotatedColumn()
[DEBUG] 2026-01-09 14:43:37.669 [main] PropertyBinder - MetadataSourceProcessor property editable with lazy=false
[DEBUG] 2026-01-09 14:43:37.669 [main] AbstractPropertyHolder - Attempting to locate auto-apply AttributeConverter for property [com.thukera.creditcard.model.entities.PurchaseCategory:editable]
[DEBUG] 2026-01-09 14:43:37.669 [main] BasicValueBinder - building BasicValue for editable
[DEBUG] 2026-01-09 14:43:37.670 [main] BasicValue - Skipping column re-registration: tb_purchase_category.editable
[DEBUG] 2026-01-09 14:43:37.670 [main] PropertyBinder - Building property editable
[DEBUG] 2026-01-09 14:43:37.677 [main] AnnotatedColumn - Binding column: AnnotatedColumn(column='name')
[DEBUG] 2026-01-09 14:43:37.677 [main] PropertyBinder - MetadataSourceProcessor property name with lazy=false
[DEBUG] 2026-01-09 14:43:37.678 [main] AbstractPropertyHolder - Attempting to locate auto-apply AttributeConverter for property [com.thukera.creditcard.model.entities.PurchaseCategory:name]
[DEBUG] 2026-01-09 14:43:37.678 [main] BasicValueBinder - building BasicValue for name
[DEBUG] 2026-01-09 14:43:37.678 [main] BasicValue - Skipping column re-registration: tb_purchase_category.name
[DEBUG] 2026-01-09 14:43:37.678 [main] PropertyBinder - Building property name
[DEBUG] 2026-01-09 14:43:37.678 [main] AnnotatedColumn - Binding column: AnnotatedColumn()
[DEBUG] 2026-01-09 14:43:37.679 [main] PropertyBinder - MetadataSourceProcessor property repeat with lazy=false
[DEBUG] 2026-01-09 14:43:37.679 [main] AbstractPropertyHolder - Attempting to locate auto-apply AttributeConverter for property [com.thukera.creditcard.model.entities.PurchaseCategory:repeat]
[DEBUG] 2026-01-09 14:43:37.679 [main] BasicValueBinder - building BasicValue for repeat
[DEBUG] 2026-01-09 14:43:37.679 [main] BasicValue - Skipping column re-registration: tb_purchase_category.repeat
[DEBUG] 2026-01-09 14:43:37.679 [main] PropertyBinder - Building property repeat
[DEBUG] 2026-01-09 14:43:37.683 [main] ClassLoaderServiceImpl - HHH000194: Package not found or no package-info.java: com.thukera.creditcard.model.entities
[DEBUG] 2026-01-09 14:43:37.684 [main] EntityBinder - Binding entity from annotated class: com.thukera.user.model.entities.Role
[DEBUG] 2026-01-09 14:43:37.685 [main] EntityBinder - Import with entity name Role
[DEBUG] 2026-01-09 14:43:37.685 [main] EntityBinder - Bind entity com.thukera.user.model.entities.Role on table tb_roles
[DEBUG] 2026-01-09 14:43:37.685 [main] AnnotatedColumn - Binding column: AnnotatedDiscriminatorColumn(column='DTYPE')
[DEBUG] 2026-01-09 14:43:37.689 [main] AnnotatedColumn - Binding column: AnnotatedColumn()
[DEBUG] 2026-01-09 14:43:37.691 [main] ClassLoaderAccessImpl - Not known whether passed class name [com.thukera.user.model.entities.Role] is safe
[DEBUG] 2026-01-09 14:43:37.691 [main] ClassLoaderAccessImpl - No temp ClassLoader provided; using live ClassLoader for loading potentially unsafe class : com.thukera.user.model.entities.Role
[DEBUG] 2026-01-09 14:43:37.692 [main] PropertyBinder - MetadataSourceProcessor property id with lazy=false
[DEBUG] 2026-01-09 14:43:37.692 [main] AbstractPropertyHolder - Attempting to locate auto-apply AttributeConverter for property [com.thukera.user.model.entities.Role:id]
[DEBUG] 2026-01-09 14:43:37.693 [main] BasicValueBinder - building BasicValue for id
[DEBUG] 2026-01-09 14:43:37.693 [main] BasicValue - Skipping column re-registration: tb_roles.id
[DEBUG] 2026-01-09 14:43:37.693 [main] PropertyBinder - Building property id
[DEBUG] 2026-01-09 14:43:37.694 [main] BinderHelper - #makeIdGenerator(BasicValue([Column(id)]), id, identity, , ...)
[DEBUG] 2026-01-09 14:43:37.695 [main] AnnotatedColumn - Binding column: AnnotatedColumn()
[DEBUG] 2026-01-09 14:43:37.696 [main] PropertyBinder - MetadataSourceProcessor property name with lazy=false
[DEBUG] 2026-01-09 14:43:37.696 [main] AbstractPropertyHolder - Attempting to locate auto-apply AttributeConverter for property [com.thukera.user.model.entities.Role:name]
[DEBUG] 2026-01-09 14:43:37.697 [main] BasicValueBinder - building BasicValue for name
[DEBUG] 2026-01-09 14:43:37.697 [main] BasicValue - Skipping column re-registration: tb_roles.name
[DEBUG] 2026-01-09 14:43:37.697 [main] PropertyBinder - Building property name
[DEBUG] 2026-01-09 14:43:37.700 [main] ClassLoaderServiceImpl - HHH000194: Package not found or no package-info.java: com.thukera.user.model.entities
[DEBUG] 2026-01-09 14:43:37.701 [main] EntityBinder - Binding entity from annotated class: com.thukera.user.model.entities.User
[DEBUG] 2026-01-09 14:43:37.702 [main] EntityBinder - Import with entity name User
[DEBUG] 2026-01-09 14:43:37.709 [main] EntityBinder - Bind entity com.thukera.user.model.entities.User on table tb_users
[DEBUG] 2026-01-09 14:43:37.710 [main] AnnotatedColumn - Binding column: AnnotatedDiscriminatorColumn(column='DTYPE')
[DEBUG] 2026-01-09 14:43:37.719 [main] AnnotatedColumn - Binding column: AnnotatedColumn()
[DEBUG] 2026-01-09 14:43:37.719 [main] ClassLoaderAccessImpl - Not known whether passed class name [com.thukera.user.model.entities.User] is safe
[DEBUG] 2026-01-09 14:43:37.719 [main] ClassLoaderAccessImpl - No temp ClassLoader provided; using live ClassLoader for loading potentially unsafe class : com.thukera.user.model.entities.User
[DEBUG] 2026-01-09 14:43:37.719 [main] PropertyBinder - MetadataSourceProcessor property id with lazy=false
[DEBUG] 2026-01-09 14:43:37.719 [main] AbstractPropertyHolder - Attempting to locate auto-apply AttributeConverter for property [com.thukera.user.model.entities.User:id]
[DEBUG] 2026-01-09 14:43:37.720 [main] BasicValueBinder - building BasicValue for id
[DEBUG] 2026-01-09 14:43:37.720 [main] BasicValue - Skipping column re-registration: tb_users.id
[DEBUG] 2026-01-09 14:43:37.720 [main] PropertyBinder - Building property id
[DEBUG] 2026-01-09 14:43:37.720 [main] BinderHelper - #makeIdGenerator(BasicValue([Column(id)]), id, org.hibernate.id.enhanced.SequenceStyleGenerator, user_seq, ...)
[DEBUG] 2026-01-09 14:43:37.720 [main] AnnotatedColumn - Binding column: AnnotatedJoinColumn()
[DEBUG] 2026-01-09 14:43:37.721 [main] AnnotatedColumn - Binding column: AnnotatedColumn()
[DEBUG] 2026-01-09 14:43:37.721 [main] AnnotatedColumn - Binding column: IndexColumn(column='creditcards_ORDER')
[DEBUG] 2026-01-09 14:43:37.721 [main] AnnotatedColumn - Binding column: AnnotatedColumn()
[DEBUG] 2026-01-09 14:43:37.722 [main] AnnotatedColumn - Binding column: AnnotatedColumn(column='creditcards_KEY')
[DEBUG] 2026-01-09 14:43:37.722 [main] AnnotatedColumn - Binding column: AnnotatedJoinColumn(column='creditcards_KEY')
[DEBUG] 2026-01-09 14:43:37.722 [main] AnnotatedColumn - Binding column: AnnotatedJoinColumn()
[DEBUG] 2026-01-09 14:43:37.722 [main] AnnotatedColumn - Binding column: AnnotatedJoinColumn()
[DEBUG] 2026-01-09 14:43:37.722 [main] CollectionBinder - Collection role: com.thukera.user.model.entities.User.creditcards
[DEBUG] 2026-01-09 14:43:37.722 [main] PropertyBinder - Building property creditcards
[DEBUG] 2026-01-09 14:43:37.723 [main] AnnotatedColumn - Binding column: AnnotatedColumn(column='data_cadastro')
[DEBUG] 2026-01-09 14:43:37.723 [main] PropertyBinder - MetadataSourceProcessor property dataCadastro with lazy=false
[DEBUG] 2026-01-09 14:43:37.723 [main] AbstractPropertyHolder - Attempting to locate auto-apply AttributeConverter for property [com.thukera.user.model.entities.User:dataCadastro]
[DEBUG] 2026-01-09 14:43:37.724 [main] BasicValueBinder - building BasicValue for dataCadastro
[DEBUG] 2026-01-09 14:43:37.724 [main] BasicValue - Skipping column re-registration: tb_users.data_cadastro
[DEBUG] 2026-01-09 14:43:37.724 [main] PropertyBinder - Building property dataCadastro
[DEBUG] 2026-01-09 14:43:37.725 [main] AnnotatedColumn - Binding column: AnnotatedColumn()
[DEBUG] 2026-01-09 14:43:37.725 [main] PropertyBinder - MetadataSourceProcessor property doc with lazy=false
[DEBUG] 2026-01-09 14:43:37.725 [main] AbstractPropertyHolder - Attempting to locate auto-apply AttributeConverter for property [com.thukera.user.model.entities.User:doc]
[DEBUG] 2026-01-09 14:43:37.725 [main] BasicValueBinder - building BasicValue for doc
[DEBUG] 2026-01-09 14:43:37.725 [main] BasicValue - Skipping column re-registration: tb_users.doc
[DEBUG] 2026-01-09 14:43:37.726 [main] PropertyBinder - Building property doc
[DEBUG] 2026-01-09 14:43:37.727 [main] AnnotatedColumn - Binding column: AnnotatedColumn()
[DEBUG] 2026-01-09 14:43:37.727 [main] PropertyBinder - MetadataSourceProcessor property email with lazy=false
[DEBUG] 2026-01-09 14:43:37.727 [main] AbstractPropertyHolder - Attempting to locate auto-apply AttributeConverter for property [com.thukera.user.model.entities.User:email]
[DEBUG] 2026-01-09 14:43:37.727 [main] BasicValueBinder - building BasicValue for email
[DEBUG] 2026-01-09 14:43:37.727 [main] BasicValue - Skipping column re-registration: tb_users.email
[DEBUG] 2026-01-09 14:43:37.727 [main] PropertyBinder - Building property email
[DEBUG] 2026-01-09 14:43:37.729 [main] AnnotatedColumn - Binding column: AnnotatedColumn()
[DEBUG] 2026-01-09 14:43:37.729 [main] PropertyBinder - MetadataSourceProcessor property name with lazy=false
[DEBUG] 2026-01-09 14:43:37.729 [main] AbstractPropertyHolder - Attempting to locate auto-apply AttributeConverter for property [com.thukera.user.model.entities.User:name]
[DEBUG] 2026-01-09 14:43:37.729 [main] BasicValueBinder - building BasicValue for name
[DEBUG] 2026-01-09 14:43:37.729 [main] BasicValue - Skipping column re-registration: tb_users.name
[DEBUG] 2026-01-09 14:43:37.729 [main] PropertyBinder - Building property name
[DEBUG] 2026-01-09 14:43:37.729 [main] AnnotatedColumn - Binding column: AnnotatedColumn()
[DEBUG] 2026-01-09 14:43:37.730 [main] PropertyBinder - MetadataSourceProcessor property password with lazy=false
[DEBUG] 2026-01-09 14:43:37.730 [main] AbstractPropertyHolder - Attempting to locate auto-apply AttributeConverter for property [com.thukera.user.model.entities.User:password]
[DEBUG] 2026-01-09 14:43:37.730 [main] BasicValueBinder - building BasicValue for password
[DEBUG] 2026-01-09 14:43:37.730 [main] BasicValue - Skipping column re-registration: tb_users.password
[DEBUG] 2026-01-09 14:43:37.730 [main] PropertyBinder - Building property password
[DEBUG] 2026-01-09 14:43:37.730 [main] AnnotatedColumn - Binding column: AnnotatedColumn()
[DEBUG] 2026-01-09 14:43:37.730 [main] PropertyBinder - MetadataSourceProcessor property profilePicturePath with lazy=false
[DEBUG] 2026-01-09 14:43:37.731 [main] AbstractPropertyHolder - Attempting to locate auto-apply AttributeConverter for property [com.thukera.user.model.entities.User:profilePicturePath]
[DEBUG] 2026-01-09 14:43:37.731 [main] BasicValueBinder - building BasicValue for profilePicturePath
[DEBUG] 2026-01-09 14:43:37.731 [main] BasicValue - Skipping column re-registration: tb_users.profile_picture_path
[DEBUG] 2026-01-09 14:43:37.731 [main] PropertyBinder - Building property profilePicturePath
[DEBUG] 2026-01-09 14:43:37.732 [main] AnnotatedColumn - Binding column: IndexColumn(column='roles_ORDER')
[DEBUG] 2026-01-09 14:43:37.733 [main] AnnotatedColumn - Binding column: AnnotatedColumn()
[DEBUG] 2026-01-09 14:43:37.733 [main] AnnotatedColumn - Binding column: AnnotatedColumn(column='roles_KEY')
[DEBUG] 2026-01-09 14:43:37.733 [main] AnnotatedColumn - Binding column: AnnotatedJoinColumn(column='roles_KEY')
[DEBUG] 2026-01-09 14:43:37.733 [main] AnnotatedColumn - Binding column: AnnotatedJoinColumn(column='user_id')
[DEBUG] 2026-01-09 14:43:37.733 [main] AnnotatedColumn - Binding column: AnnotatedJoinColumn(column='role_id')
[DEBUG] 2026-01-09 14:43:37.737 [main] CollectionBinder - Collection role: com.thukera.user.model.entities.User.roles
[DEBUG] 2026-01-09 14:43:37.737 [main] PropertyBinder - Building property roles
[DEBUG] 2026-01-09 14:43:37.738 [main] AnnotatedColumn - Binding column: AnnotatedColumn()
[DEBUG] 2026-01-09 14:43:37.738 [main] PropertyBinder - MetadataSourceProcessor property status with lazy=false
[DEBUG] 2026-01-09 14:43:37.738 [main] AbstractPropertyHolder - Attempting to locate auto-apply AttributeConverter for property [com.thukera.user.model.entities.User:status]
[DEBUG] 2026-01-09 14:43:37.738 [main] BasicValueBinder - building BasicValue for status
[DEBUG] 2026-01-09 14:43:37.738 [main] BasicValue - Skipping column re-registration: tb_users.status
[DEBUG] 2026-01-09 14:43:37.739 [main] PropertyBinder - Building property status
[DEBUG] 2026-01-09 14:43:37.740 [main] AnnotatedColumn - Binding column: AnnotatedColumn()
[DEBUG] 2026-01-09 14:43:37.740 [main] PropertyBinder - MetadataSourceProcessor property username with lazy=false
[DEBUG] 2026-01-09 14:43:37.741 [main] AbstractPropertyHolder - Attempting to locate auto-apply AttributeConverter for property [com.thukera.user.model.entities.User:username]
[DEBUG] 2026-01-09 14:43:37.741 [main] BasicValueBinder - building BasicValue for username
[DEBUG] 2026-01-09 14:43:37.741 [main] BasicValue - Skipping column re-registration: tb_users.username
[DEBUG] 2026-01-09 14:43:37.741 [main] PropertyBinder - Building property username
[DEBUG] 2026-01-09 14:43:37.743 [main] ClassLoaderServiceImpl - HHH000194: Package not found or no package-info.java: com.thukera.user.model.entities
[DEBUG] 2026-01-09 14:43:37.744 [main] CallbackDefinitionResolverLegacyImpl - Adding prePersist as PrePersist callback for entity com.thukera.user.model.entities.User
[DEBUG] 2026-01-09 14:43:37.750 [main] BasicValueBinder - Starting `BasicValueBinder#fillSimpleValue` for cardId
[DEBUG] 2026-01-09 14:43:37.762 [main] BasicValueBinder - Starting `BasicValueBinder#fillSimpleValue` for bank
[...]
	at org.springframework.beans.factory.annotation.InjectionMetadata.inject(InjectionMetadata.java:146) ~[spring-beans-6.2.8.jar:6.2.8]
	at org.springframework.beans.factory.annotation.AutowiredAnnotationBeanPostProcessor.postProcessProperties(AutowiredAnnotationBeanPostProcessor.java:509) ~[spring-beans-6.2.8.jar:6.2.8]
	at org.springframework.beans.factory.support.AbstractAutowireCapableBeanFactory.populateBean(AbstractAutowireCapableBeanFactory.java:1459) ~[spring-beans-6.2.8.jar:6.2.8]
	at org.springframework.beans.factory.support.AbstractAutowireCapableBeanFactory.doCreateBean(AbstractAutowireCapableBeanFactory.java:606) ~[spring-beans-6.2.8.jar:6.2.8]
	at org.springframework.beans.factory.support.AbstractAutowireCapableBeanFactory.createBean(AbstractAutowireCapableBeanFactory.java:529) ~[spring-beans-6.2.8.jar:6.2.8]
	at org.springframework.beans.factory.support.AbstractBeanFactory.lambda$doGetBean$0(AbstractBeanFactory.java:339) ~[spring-beans-6.2.8.jar:6.2.8]
	at org.springframework.beans.factory.support.DefaultSingletonBeanRegistry.getSingleton(DefaultSingletonBeanRegistry.java:373) ~[spring-beans-6.2.8.jar:6.2.8]
	at org.springframework.beans.factory.support.AbstractBeanFactory.doGetBean(AbstractBeanFactory.java:337) ~[spring-beans-6.2.8.jar:6.2.8]
	at org.springframework.beans.factory.support.AbstractBeanFactory.getBean(AbstractBeanFactory.java:202) ~[spring-beans-6.2.8.jar:6.2.8]
	at org.springframework.beans.factory.support.DefaultListableBeanFactory.instantiateSingleton(DefaultListableBeanFactory.java:1222) ~[spring-beans-6.2.8.jar:6.2.8]
	at org.springframework.beans.factory.support.DefaultListableBeanFactory.preInstantiateSingleton(DefaultListableBeanFactory.java:1188) ~[spring-beans-6.2.8.jar:6.2.8]
	at org.springframework.beans.factory.support.DefaultListableBeanFactory.preInstantiateSingletons(DefaultListableBeanFactory.java:1123) ~[spring-beans-6.2.8.jar:6.2.8]
	at org.springframework.context.support.AbstractApplicationContext.finishBeanFactoryInitialization(AbstractApplicationContext.java:987) ~[spring-context-6.2.8.jar:6.2.8]
	at org.springframework.context.support.AbstractApplicationContext.refresh(AbstractApplicationContext.java:627) ~[spring-context-6.2.8.jar:6.2.8]
	at org.springframework.boot.SpringApplication.refresh(SpringApplication.java:752) ~[spring-boot-3.5.3.jar:3.5.3]
	at org.springframework.boot.SpringApplication.refreshContext(SpringApplication.java:439) ~[spring-boot-3.5.3.jar:3.5.3]
	at org.springframework.boot.SpringApplication.run(SpringApplication.java:318) ~[spring-boot-3.5.3.jar:3.5.3]
	at org.springframework.boot.test.context.SpringBootContextLoader.lambda$loadContext$3(SpringBootContextLoader.java:144) ~[spring-boot-test-3.5.3.jar:3.5.3]
	at org.springframework.util.function.ThrowingSupplier.get(ThrowingSupplier.java:58) ~[spring-core-6.2.8.jar:6.2.8]
	at org.springframework.util.function.ThrowingSupplier.get(ThrowingSupplier.java:46) ~[spring-core-6.2.8.jar:6.2.8]
	at org.springframework.boot.SpringApplication.withHook(SpringApplication.java:1461) ~[spring-boot-3.5.3.jar:3.5.3]
	at org.springframework.boot.test.context.SpringBootContextLoader$ContextLoaderHook.run(SpringBootContextLoader.java:563) ~[spring-boot-test-3.5.3.jar:3.5.3]
	at org.springframework.boot.test.context.SpringBootContextLoader.loadContext(SpringBootContextLoader.java:144) ~[spring-boot-test-3.5.3.jar:3.5.3]
	at org.springframework.boot.test.context.SpringBootContextLoader.loadContext(SpringBootContextLoader.java:110) ~[spring-boot-test-3.5.3.jar:3.5.3]
	at org.springframework.test.context.cache.DefaultCacheAwareContextLoaderDelegate.loadContextInternal(DefaultCacheAwareContextLoaderDelegate.java:225) ~[spring-test-6.2.8.jar:6.2.8]
	at org.springframework.test.context.cache.DefaultCacheAwareContextLoaderDelegate.loadContext(DefaultCacheAwareContextLoaderDelegate.java:152) ~[spring-test-6.2.8.jar:6.2.8]
	at org.springframework.test.context.support.DefaultTestContext.getApplicationContext(DefaultTestContext.java:130) ~[spring-test-6.2.8.jar:6.2.8]
	at org.springframework.test.context.web.ServletTestExecutionListener.setUpRequestContextIfNecessary(ServletTestExecutionListener.java:200) ~[spring-test-6.2.8.jar:6.2.8]
	at org.springframework.test.context.web.ServletTestExecutionListener.prepareTestInstance(ServletTestExecutionListener.java:139) ~[spring-test-6.2.8.jar:6.2.8]
	at org.springframework.test.context.TestContextManager.prepareTestInstance(TestContextManager.java:260) ~[spring-test-6.2.8.jar:6.2.8]
	at org.springframework.test.context.junit.jupiter.SpringExtension.postProcessTestInstance(SpringExtension.java:159) ~[spring-test-6.2.8.jar:6.2.8]
	at org.junit.jupiter.engine.descriptor.ClassBasedTestDescriptor.lambda$invokeTestInstancePostProcessors$10(ClassBasedTestDescriptor.java:383) ~[junit-jupiter-engine-5.12.2.jar:5.12.2]
	at org.junit.jupiter.engine.descriptor.ClassBasedTestDescriptor.executeAndMaskThrowable(ClassBasedTestDescriptor.java:388) ~[junit-jupiter-engine-5.12.2.jar:5.12.2]
	at org.junit.jupiter.engine.descriptor.ClassBasedTestDescriptor.lambda$invokeTestInstancePostProcessors$11(ClassBasedTestDescriptor.java:382) ~[junit-jupiter-engine-5.12.2.jar:5.12.2]
	at java.base/java.util.stream.ForEachOps$ForEachOp$OfRef.accept(ForEachOps.java:184) ~[?:?]
	at java.base/java.util.stream.ReferencePipeline$3$1.accept(ReferencePipeline.java:197) ~[?:?]
	at java.base/java.util.stream.ReferencePipeline$2$1.accept(ReferencePipeline.java:179) ~[?:?]
	at java.base/java.util.stream.ReferencePipeline$3$1.accept(ReferencePipeline.java:197) ~[?:?]
	at java.base/java.util.ArrayList$ArrayListSpliterator.forEachRemaining(ArrayList.java:1708) ~[?:?]
	at java.base/java.util.stream.AbstractPipeline.copyInto(AbstractPipeline.java:509) ~[?:?]
	at java.base/java.util.stream.AbstractPipeline.wrapAndCopyInto(AbstractPipeline.java:499) ~[?:?]
	at java.base/java.util.stream.ForEachOps$ForEachOp.evaluateSequential(ForEachOps.java:151) ~[?:?]
	at java.base/java.util.stream.ForEachOps$ForEachOp$OfRef.evaluateSequential(ForEachOps.java:174) ~[?:?]
	at java.base/java.util.stream.AbstractPipeline.evaluate(AbstractPipeline.java:234) ~[?:?]
	at java.base/java.util.stream.ReferencePipeline.forEach(ReferencePipeline.java:596) ~[?:?]
	at org.junit.jupiter.engine.descriptor.ClassBasedTestDescriptor.invokeTestInstancePostProcessors(ClassBasedTestDescriptor.java:382) ~[junit-jupiter-engine-5.12.2.jar:5.12.2]
	at org.junit.jupiter.engine.descriptor.ClassBasedTestDescriptor.lambda$instantiateAndPostProcessTestInstance$6(ClassBasedTestDescriptor.java:293) ~[junit-jupiter-engine-5.12.2.jar:5.12.2]
	at org.junit.platform.engine.support.hierarchical.ThrowableCollector.execute(ThrowableCollector.java:73) ~[junit-platform-engine-1.12.2.jar:1.12.2]
	at org.junit.jupiter.engine.descriptor.ClassBasedTestDescriptor.instantiateAndPostProcessTestInstance(ClassBasedTestDescriptor.java:292) ~[junit-jupiter-engine-5.12.2.jar:5.12.2]
	at org.junit.jupiter.engine.descriptor.ClassBasedTestDescriptor.lambda$testInstancesProvider$4(ClassBasedTestDescriptor.java:281) ~[junit-jupiter-engine-5.12.2.jar:5.12.2]
	at java.base/java.util.Optional.orElseGet(Optional.java:364) ~[?:?]
	at org.junit.jupiter.engine.descriptor.ClassBasedTestDescriptor.lambda$testInstancesProvider$5(ClassBasedTestDescriptor.java:280) ~[junit-jupiter-engine-5.12.2.jar:5.12.2]
	at org.junit.jupiter.engine.execution.TestInstancesProvider.getTestInstances(TestInstancesProvider.java:27) ~[junit-jupiter-engine-5.12.2.jar:5.12.2]
	at org.junit.jupiter.engine.descriptor.TestMethodTestDescriptor.lambda$prepare$0(TestMethodTestDescriptor.java:112) ~[junit-jupiter-engine-5.12.2.jar:5.12.2]
	at org.junit.platform.engine.support.hierarchical.ThrowableCollector.execute(ThrowableCollector.java:73) ~[junit-platform-engine-1.12.2.jar:1.12.2]
	at org.junit.jupiter.engine.descriptor.TestMethodTestDescriptor.prepare(TestMethodTestDescriptor.java:111) ~[junit-jupiter-engine-5.12.2.jar:5.12.2]
	at org.junit.jupiter.engine.descriptor.TestMethodTestDescriptor.prepare(TestMethodTestDescriptor.java:69) ~[junit-jupiter-engine-5.12.2.jar:5.12.2]
	at org.junit.platform.engine.support.hierarchical.NodeTestTask.lambda$prepare$2(NodeTestTask.java:128) ~[junit-platform-engine-1.12.2.jar:1.12.2]
	at org.junit.platform.engine.support.hierarchical.ThrowableCollector.execute(ThrowableCollector.java:73) ~[junit-platform-engine-1.12.2.jar:1.12.2]
	at org.junit.platform.engine.support.hierarchical.NodeTestTask.prepare(NodeTestTask.java:128) ~[junit-platform-engine-1.12.2.jar:1.12.2]
	at org.junit.platform.engine.support.hierarchical.NodeTestTask.execute(NodeTestTask.java:95) ~[junit-platform-engine-1.12.2.jar:1.12.2]
	at java.base/java.util.ArrayList.forEach(ArrayList.java:1596) ~[?:?]
	at org.junit.platform.engine.support.hierarchical.SameThreadHierarchicalTestExecutorService.invokeAll(SameThreadHierarchicalTestExecutorService.java:41) ~[junit-platform-engine-1.12.2.jar:1.12.2]
	at org.junit.platform.engine.support.hierarchical.NodeTestTask.lambda$executeRecursively$6(NodeTestTask.java:160) ~[junit-platform-engine-1.12.2.jar:1.12.2]
	at org.junit.platform.engine.support.hierarchical.ThrowableCollector.execute(ThrowableCollector.java:73) ~[junit-platform-engine-1.12.2.jar:1.12.2]
	at org.junit.platform.engine.support.hierarchical.NodeTestTask.lambda$executeRecursively$8(NodeTestTask.java:146) ~[junit-platform-engine-1.12.2.jar:1.12.2]
	at org.junit.platform.engine.support.hierarchical.Node.around(Node.java:137) ~[junit-platform-engine-1.12.2.jar:1.12.2]
	at org.junit.platform.engine.support.hierarchical.NodeTestTask.lambda$executeRecursively$9(NodeTestTask.java:144) ~[junit-platform-engine-1.12.2.jar:1.12.2]
	at org.junit.platform.engine.support.hierarchical.ThrowableCollector.execute(ThrowableCollector.java:73) ~[junit-platform-engine-1.12.2.jar:1.12.2]
	at org.junit.platform.engine.support.hierarchical.NodeTestTask.executeRecursively(NodeTestTask.java:143) ~[junit-platform-engine-1.12.2.jar:1.12.2]
	at org.junit.platform.engine.support.hierarchical.NodeTestTask.execute(NodeTestTask.java:100) ~[junit-platform-engine-1.12.2.jar:1.12.2]
	at java.base/java.util.ArrayList.forEach(ArrayList.java:1596) ~[?:?]
	at org.junit.platform.engine.support.hierarchical.SameThreadHierarchicalTestExecutorService.invokeAll(SameThreadHierarchicalTestExecutorService.java:41) ~[junit-platform-engine-1.12.2.jar:1.12.2]
	at org.junit.platform.engine.support.hierarchical.NodeTestTask.lambda$executeRecursively$6(NodeTestTask.java:160) ~[junit-platform-engine-1.12.2.jar:1.12.2]
	at org.junit.platform.engine.support.hierarchical.ThrowableCollector.execute(ThrowableCollector.java:73) ~[junit-platform-engine-1.12.2.jar:1.12.2]
	at org.junit.platform.engine.support.hierarchical.NodeTestTask.lambda$executeRecursively$8(NodeTestTask.java:146) ~[junit-platform-engine-1.12.2.jar:1.12.2]
	at org.junit.platform.engine.support.hierarchical.Node.around(Node.java:137) ~[junit-platform-engine-1.12.2.jar:1.12.2]
	at org.junit.platform.engine.support.hierarchical.NodeTestTask.lambda$executeRecursively$9(NodeTestTask.java:144) ~[junit-platform-engine-1.12.2.jar:1.12.2]
	at org.junit.platform.engine.support.hierarchical.ThrowableCollector.execute(ThrowableCollector.java:73) ~[junit-platform-engine-1.12.2.jar:1.12.2]
	at org.junit.platform.engine.support.hierarchical.NodeTestTask.executeRecursively(NodeTestTask.java:143) ~[junit-platform-engine-1.12.2.jar:1.12.2]
	at org.junit.platform.engine.support.hierarchical.NodeTestTask.execute(NodeTestTask.java:100) ~[junit-platform-engine-1.12.2.jar:1.12.2]
	at org.junit.platform.engine.support.hierarchical.SameThreadHierarchicalTestExecutorService.submit(SameThreadHierarchicalTestExecutorService.java:35) ~[junit-platform-engine-1.12.2.jar:1.12.2]
	at org.junit.platform.engine.support.hierarchical.HierarchicalTestExecutor.execute(HierarchicalTestExecutor.java:57) ~[junit-platform-engine-1.12.2.jar:1.12.2]
	at org.junit.platform.engine.support.hierarchical.HierarchicalTestEngine.execute(HierarchicalTestEngine.java:54) ~[junit-platform-engine-1.12.2.jar:1.12.2]
	at org.junit.platform.launcher.core.EngineExecutionOrchestrator.execute(EngineExecutionOrchestrator.java:201) ~[junit-platform-launcher-1.12.2.jar:1.12.2]
	at org.junit.platform.launcher.core.EngineExecutionOrchestrator.execute(EngineExecutionOrchestrator.java:170) ~[junit-platform-launcher-1.12.2.jar:1.12.2]
	at org.junit.platform.launcher.core.EngineExecutionOrchestrator.execute(EngineExecutionOrchestrator.java:94) ~[junit-platform-launcher-1.12.2.jar:1.12.2]
	at org.junit.platform.launcher.core.EngineExecutionOrchestrator.lambda$execute$0(EngineExecutionOrchestrator.java:59) ~[junit-platform-launcher-1.12.2.jar:1.12.2]
	at org.junit.platform.launcher.core.EngineExecutionOrchestrator.withInterceptedStreams(EngineExecutionOrchestrator.java:142) ~[junit-platform-launcher-1.12.2.jar:1.12.2]
	at org.junit.platform.launcher.core.EngineExecutionOrchestrator.execute(EngineExecutionOrchestrator.java:58) ~[junit-platform-launcher-1.12.2.jar:1.12.2]
	at org.junit.platform.launcher.core.DefaultLauncher.execute(DefaultLauncher.java:103) ~[junit-platform-launcher-1.12.2.jar:1.12.2]
	at org.junit.platform.launcher.core.DefaultLauncher.execute(DefaultLauncher.java:85) ~[junit-platform-launcher-1.12.2.jar:1.12.2]
	at org.junit.platform.launcher.core.DelegatingLauncher.execute(DelegatingLauncher.java:47) ~[junit-platform-launcher-1.12.2.jar:1.12.2]
	at org.junit.platform.launcher.core.InterceptingLauncher.lambda$execute$1(InterceptingLauncher.java:39) ~[junit-platform-launcher-1.12.2.jar:1.12.2]
	at org.junit.platform.launcher.core.ClasspathAlignmentCheckingLauncherInterceptor.intercept(ClasspathAlignmentCheckingLauncherInterceptor.java:25) [junit-platform-launcher-1.12.2.jar:1.12.2]
	at org.junit.platform.launcher.core.InterceptingLauncher.execute(InterceptingLauncher.java:38) [junit-platform-launcher-1.12.2.jar:1.12.2]
	at org.junit.platform.launcher.core.DelegatingLauncher.execute(DelegatingLauncher.java:47) [junit-platform-launcher-1.12.2.jar:1.12.2]
	at org.apache.maven.surefire.junitplatform.LazyLauncher.execute(LazyLauncher.java:56) [surefire-junit-platform-3.5.3.jar:3.5.3]
	at org.apache.maven.surefire.junitplatform.JUnitPlatformProvider.execute(JUnitPlatformProvider.java:194) [surefire-junit-platform-3.5.3.jar:3.5.3]
	at org.apache.maven.surefire.junitplatform.JUnitPlatformProvider.invokeAllTests(JUnitPlatformProvider.java:150) [surefire-junit-platform-3.5.3.jar:3.5.3]
	at org.apache.maven.surefire.junitplatform.JUnitPlatformProvider.invoke(JUnitPlatformProvider.java:124) [surefire-junit-platform-3.5.3.jar:3.5.3]
	at org.apache.maven.surefire.booter.ForkedBooter.runSuitesInProcess(ForkedBooter.java:385) [surefire-booter-3.5.3.jar:3.5.3]
	at org.apache.maven.surefire.booter.ForkedBooter.execute(ForkedBooter.java:162) [surefire-booter-3.5.3.jar:3.5.3]
	at org.apache.maven.surefire.booter.ForkedBooter.run(ForkedBooter.java:507) [surefire-booter-3.5.3.jar:3.5.3]
	at org.apache.maven.surefire.booter.ForkedBooter.main(ForkedBooter.java:495) [surefire-booter-3.5.3.jar:3.5.3]
[WARN ] 2026-01-09 14:43:45.953 [main] JpaBaseConfiguration$JpaWebConfiguration - spring.jpa.open-in-view is enabled by default. Therefore, database queries may be performed during view rendering. Explicitly configure spring.jpa.open-in-view to disable this warning
[DEBUG] 2026-01-09 14:43:47.090 [main] ResourceBundleMessageInterpolator - Loaded expression factory via original TCCL
[DEBUG] 2026-01-09 14:43:47.094 [main] AbstractConfigurationImpl - Setting custom MessageInterpolator of type org.springframework.validation.beanvalidation.LocaleContextMessageInterpolator
[DEBUG] 2026-01-09 14:43:47.094 [main] AbstractConfigurationImpl - Setting custom ConstraintValidatorFactory of type org.springframework.validation.beanvalidation.SpringConstraintValidatorFactory
[DEBUG] 2026-01-09 14:43:47.096 [main] ValidationXmlParser - Trying to load META-INF/validation.xml for XML based Validator configuration.
[DEBUG] 2026-01-09 14:43:47.096 [main] ResourceLoaderHelper - Trying to load META-INF/validation.xml via user class loader
[DEBUG] 2026-01-09 14:43:47.096 [main] ResourceLoaderHelper - Trying to load META-INF/validation.xml via TCCL
[DEBUG] 2026-01-09 14:43:47.096 [main] ResourceLoaderHelper - Trying to load META-INF/validation.xml via Hibernate Validator's class loader
[DEBUG] 2026-01-09 14:43:47.096 [main] ValidationXmlParser - No META-INF/validation.xml found. Using annotation based configuration only.
[DEBUG] 2026-01-09 14:43:47.097 [main] TraversableResolvers - Found jakarta.persistence.Persistence on classpath containing 'getPersistenceUtil'. Assuming JPA 2 environment. Trying to instantiate JPA aware TraversableResolver
[DEBUG] 2026-01-09 14:43:47.097 [main] TraversableResolvers - Instantiated JPA aware TraversableResolver of type org.hibernate.validator.internal.engine.resolver.JPATraversableResolver.
[DEBUG] 2026-01-09 14:43:47.100 [main] ValidatorFactoryConfigurationHelper - HV000252: Using org.hibernate.validator.internal.engine.DefaultPropertyNodeNameProvider as property node name provider.
[DEBUG] 2026-01-09 14:43:47.101 [main] ValidatorFactoryConfigurationHelper - HV000234: Using org.springframework.validation.beanvalidation.LocaleContextMessageInterpolator as ValidatorFactory-scoped message interpolator.
[DEBUG] 2026-01-09 14:43:47.101 [main] ValidatorFactoryConfigurationHelper - HV000234: Using org.hibernate.validator.internal.engine.resolver.JPATraversableResolver as ValidatorFactory-scoped traversable resolver.
[DEBUG] 2026-01-09 14:43:47.101 [main] ValidatorFactoryConfigurationHelper - HV000234: Using org.hibernate.validator.internal.util.ExecutableParameterNameProvider as ValidatorFactory-scoped parameter name provider.
[DEBUG] 2026-01-09 14:43:47.101 [main] ValidatorFactoryConfigurationHelper - HV000234: Using org.hibernate.validator.internal.engine.DefaultClockProvider as ValidatorFactory-scoped clock provider.
[DEBUG] 2026-01-09 14:43:47.101 [main] ValidatorFactoryConfigurationHelper - HV000234: Using org.hibernate.validator.internal.engine.scripting.DefaultScriptEvaluatorFactory as ValidatorFactory-scoped script evaluator factory.
[WARN ] 2026-01-09 14:43:47.661 [main] WebSecurity - You are asking Spring Security to ignore Deferred [Mvc [pattern='/uploads/**'], Ant [pattern='/uploads/**']]. This is not recommended -- please use permitAll via HttpSecurity#authorizeHttpRequests instead.
[WARN ] 2026-01-09 14:43:47.662 [main] WebSecurity - You are asking Spring Security to ignore Deferred [Mvc [pattern='/favicon.ico'], Ant [pattern='/favicon.ico']]. This is not recommended -- please use permitAll via HttpSecurity#authorizeHttpRequests instead.
[WARN ] 2026-01-09 14:43:47.662 [main] WebSecurity - You are asking Spring Security to ignore Deferred [Mvc [pattern='/error'], Ant [pattern='/error']]. This is not recommended -- please use permitAll via HttpSecurity#authorizeHttpRequests instead.
[INFO ] 2026-01-09 14:43:47.779 [main] MyFinancesBffTests - Started MyFinancesBffTests in 21.796 seconds (process running for 24.286)
]]></system-out>
    <system-err><![CDATA[Mockito is currently self-attaching to enable the inline-mock-maker. This will no longer work in future releases of the JDK. Please add Mockito as an agent to your build as described in Mockito's documentation: https://javadoc.io/doc/org.mockito/mockito-core/latest/org.mockito/org/mockito/Mockito.html#0.3
WARNING: A Java agent has been loaded dynamically (C:\Users\nitro\.m2\repository\net\bytebuddy\byte-buddy-agent\1.17.6\byte-buddy-agent-1.17.6.jar)
WARNING: If a serviceability tool is in use, please run with -XX:+EnableDynamicAgentLoading to hide this warning
WARNING: If a serviceability tool is not in use, please run with -Djdk.instrument.traceUsage for more information
WARNING: Dynamic loading of agents will be disallowed by default in a future release
]]></system-err>
  </testcase>
</testsuite>